This is pdfTeX, Version 3.1415926-2.5-1.40.14 (MiKTeX 2.9 64-bit) (preloaded format=pdflatex 2015.3.24)  12 MAY 2015 20:13
entering extended mode
**templateBBOBarticle.tex

(C:\Users\Mateusz\Desktop\repozytoria\MSI-2\python\bbob_pproc\templateBBOBartic
le.tex
LaTeX2e <2011/06/27>
Babel <v3.8m> and hyphenation patterns for english, afrikaans, ancientgreek, ar
abic, armenian, assamese, basque, bengali, bokmal, bulgarian, catalan, coptic, 
croatian, czech, danish, dutch, esperanto, estonian, farsi, finnish, french, ga
lician, german, german-x-2013-05-26, greek, gujarati, hindi, hungarian, iceland
ic, indonesian, interlingua, irish, italian, kannada, kurmanji, latin, latvian,
 lithuanian, malayalam, marathi, mongolian, mongolianlmc, monogreek, ngerman, n
german-x-2013-05-26, nynorsk, oriya, panjabi, pinyin, polish, portuguese, roman
ian, russian, sanskrit, serbian, slovak, slovenian, spanish, swedish, swissgerm
an, tamil, telugu, turkish, turkmen, ukenglish, ukrainian, uppersorbian, usengl
ishmax, welsh, loaded.

(C:\Users\Mateusz\Desktop\repozytoria\MSI-2\python\bbob_pproc\sig-alternate.cls
("C:\Program Files\MiKTeX 2.9\tex\latex\graphics\epsfig.sty"
Package: epsfig 1999/02/16 v1.7a (e)psfig emulation (SPQR)

("C:\Program Files\MiKTeX 2.9\tex\latex\graphics\graphicx.sty"
Package: graphicx 1999/02/16 v1.0f Enhanced LaTeX Graphics (DPC,SPQR)

("C:\Program Files\MiKTeX 2.9\tex\latex\graphics\keyval.sty"
Package: keyval 1999/03/16 v1.13 key=value parser (DPC)
\KV@toks@=\toks14
)
("C:\Program Files\MiKTeX 2.9\tex\latex\graphics\graphics.sty"
Package: graphics 2009/02/05 v1.0o Standard LaTeX Graphics (DPC,SPQR)

("C:\Program Files\MiKTeX 2.9\tex\latex\graphics\trig.sty"
Package: trig 1999/03/16 v1.09 sin cos tan (DPC)
)
("C:\Program Files\MiKTeX 2.9\tex\latex\00miktex\graphics.cfg"
File: graphics.cfg 2007/01/18 v1.5 graphics configuration of teTeX/TeXLive
)
Package graphics Info: Driver file: pdftex.def on input line 91.

("C:\Program Files\MiKTeX 2.9\tex\latex\pdftex-def\pdftex.def"
File: pdftex.def 2011/05/27 v0.06d Graphics/color for pdfTeX

("C:\Program Files\MiKTeX 2.9\tex\generic\oberdiek\infwarerr.sty"
Package: infwarerr 2010/04/08 v1.3 Providing info/warning/error messages (HO)
)
("C:\Program Files\MiKTeX 2.9\tex\generic\oberdiek\ltxcmds.sty"
Package: ltxcmds 2011/11/09 v1.22 LaTeX kernel commands for general use (HO)
)
\Gread@gobject=\count79
))
\Gin@req@height=\dimen102
\Gin@req@width=\dimen103
)
\epsfxsize=\dimen104
\epsfysize=\dimen105
)
("C:\Program Files\MiKTeX 2.9\tex\latex\amsfonts\amssymb.sty"
Package: amssymb 2013/01/14 v3.01 AMS font symbols

("C:\Program Files\MiKTeX 2.9\tex\latex\amsfonts\amsfonts.sty"
Package: amsfonts 2013/01/14 v3.01 Basic AMSFonts support
\@emptytoks=\toks15
\symAMSa=\mathgroup4
\symAMSb=\mathgroup5
LaTeX Font Info:    Overwriting math alphabet `\mathfrak' in version `bold'
(Font)                  U/euf/m/n --> U/euf/b/n on input line 106.
))
("C:\Program Files\MiKTeX 2.9\tex\latex\amsmath\amsmath.sty"
Package: amsmath 2013/01/14 v2.14 AMS math features
\@mathmargin=\skip41

For additional information on amsmath, use the `?' option.
("C:\Program Files\MiKTeX 2.9\tex\latex\amsmath\amstext.sty"
Package: amstext 2000/06/29 v2.01

("C:\Program Files\MiKTeX 2.9\tex\latex\amsmath\amsgen.sty"
File: amsgen.sty 1999/11/30 v2.0
\@emptytoks=\toks16
\ex@=\dimen106
))
("C:\Program Files\MiKTeX 2.9\tex\latex\amsmath\amsbsy.sty"
Package: amsbsy 1999/11/29 v1.2d
\pmbraise@=\dimen107
)
("C:\Program Files\MiKTeX 2.9\tex\latex\amsmath\amsopn.sty"
Package: amsopn 1999/12/14 v2.01 operator names
)
\inf@bad=\count80
LaTeX Info: Redefining \frac on input line 210.
\uproot@=\count81
\leftroot@=\count82
LaTeX Info: Redefining \overline on input line 306.
\classnum@=\count83
\DOTSCASE@=\count84
LaTeX Info: Redefining \ldots on input line 378.
LaTeX Info: Redefining \dots on input line 381.
LaTeX Info: Redefining \cdots on input line 466.
\Mathstrutbox@=\box26
\strutbox@=\box27
\big@size=\dimen108
LaTeX Font Info:    Redeclaring font encoding OML on input line 566.
LaTeX Font Info:    Redeclaring font encoding OMS on input line 567.
\macc@depth=\count85
\c@MaxMatrixCols=\count86
\dotsspace@=\muskip10
\c@parentequation=\count87
\dspbrk@lvl=\count88
\tag@help=\toks17
\row@=\count89
\column@=\count90
\maxfields@=\count91
\andhelp@=\toks18
\eqnshift@=\dimen109
\alignsep@=\dimen110
\tagshift@=\dimen111
\tagwidth@=\dimen112
\totwidth@=\dimen113
\lineht@=\dimen114
\@envbody=\toks19
\multlinegap=\skip42
\multlinetaggap=\skip43
\mathdisplay@stack=\toks20
LaTeX Info: Redefining \[ on input line 2665.
LaTeX Info: Redefining \] on input line 2666.
)
Document Class 'sig-alternate' <23rd. May '12>. Modified by G.K.M. Tobin/Gerry 
Murray
Based in part upon document Style `acmconf' <22 May 89>. Hacked 4/91 by
shivers@cs.cmu.edu, 4/93 by theobald@cs.mcgill.ca
Excerpts were taken from (Journal Style) 'esub2acm.cls'.
****** Bugs/comments/suggestions/technicalities to Gerry Murray -- murray@hq.ac
m.org ******
Questions on the style, SIGS policies, etc. to Adrienne Griscti griscti@acm.org

\footheight=\dimen115
\@maxsep=\dimen116
\@dblmaxsep=\dimen117
\aucount=\count92
\originalaucount=\count93
\auwidth=\dimen118
\auskip=\dimen119
\auskipcount=\count94
\auskip=\dimen120
\allauboxes=\dimen121
\addauthors=\toks21
\addauflag=\count95
\subtitletext=\toks22
\savesection=\count96
\sectioncntr=\count97
\c@figure=\count98
\c@table=\count99
\titleboxnotes=\toks23
\titleboxnoteflag=\count100
Document Class: sig-alternate 2012/05/23 - V2.5 - based on acmproc.cls V1.3 <No
v. 30 '99>
("C:\Program Files\MiKTeX 2.9\tex\latex\base\latexsym.sty"
Package: latexsym 1998/08/17 v2.2e Standard LaTeX package (lasy symbols)
\symlasy=\mathgroup6
LaTeX Font Info:    Overwriting symbol font `lasy' in version `bold'
(Font)                  U/lasy/m/n --> U/lasy/b/n on input line 47.
)
\@acmtitlebox=\box28
\titlenotecount=\count101
\tntoks=\toks24
\tntokstwo=\toks25
\tntoksthree=\toks26
\tntoksfour=\toks27
\tntoksfive=\toks28
\catcount=\count102
\copyrightnotice=\toks29
\conf=\toks30
\confinfo=\toks31
\c@part=\count103
\c@section=\count104
\c@subsection=\count105
\c@subsubsection=\count106
\c@paragraph=\count107

Using 'Abbrev' bibliography style
LaTeX Info: Redefining \cite on input line 1211.
\bibindent=\dimen122
\colcntr=\count108
\saveb@x=\box29
("C:\Program Files\MiKTeX 2.9\tex\latex\base\fontenc.sty"
Package: fontenc 2005/09/27 v1.99g Standard LaTeX package

("C:\Program Files\MiKTeX 2.9\tex\latex\base\t1enc.def"
File: t1enc.def 2005/09/27 v1.99g Standard LaTeX file
LaTeX Font Info:    Redeclaring font encoding T1 on input line 43.
)
LaTeX Font Info:    Try loading font information for T1+aer on input line 100.

("C:\Program Files\MiKTeX 2.9\tex\latex\ae\t1aer.fd"
File: t1aer.fd 1997/11/16 Font definitions for T1/aer.
)))
("C:\Program Files\MiKTeX 2.9\tex\latex\polski\polski.sty"
Package: polski 2008/02/24 v1.3.3 Polish language package

Document language package `polski' v1.3.3 <2008/02/24>
\l@nohyphenation=\language69
) ("C:\Program Files\MiKTeX 2.9\tex\latex\base\inputenc.sty"
Package: inputenc 2008/03/30 v1.1d Input encoding file
\inpenc@prehook=\toks32
\inpenc@posthook=\toks33

("C:\Program Files\MiKTeX 2.9\tex\latex\base\utf8.def"
File: utf8.def 2008/04/05 v1.1m UTF-8 support for inputenc
Now handling font encoding OML ...
... no UTF-8 mapping file for font encoding OML
Now handling font encoding T1 ...
... processing UTF-8 mapping file for font encoding T1

("C:\Program Files\MiKTeX 2.9\tex\latex\base\t1enc.dfu"
File: t1enc.dfu 2008/04/05 v1.1m UTF-8 support for inputenc
   defining Unicode char U+00A1 (decimal 161)
   defining Unicode char U+00A3 (decimal 163)
   defining Unicode char U+00AB (decimal 171)
   defining Unicode char U+00BB (decimal 187)
   defining Unicode char U+00BF (decimal 191)
   defining Unicode char U+00C0 (decimal 192)
   defining Unicode char U+00C1 (decimal 193)
   defining Unicode char U+00C2 (decimal 194)
   defining Unicode char U+00C3 (decimal 195)
   defining Unicode char U+00C4 (decimal 196)
   defining Unicode char U+00C5 (decimal 197)
   defining Unicode char U+00C6 (decimal 198)
   defining Unicode char U+00C7 (decimal 199)
   defining Unicode char U+00C8 (decimal 200)
   defining Unicode char U+00C9 (decimal 201)
   defining Unicode char U+00CA (decimal 202)
   defining Unicode char U+00CB (decimal 203)
   defining Unicode char U+00CC (decimal 204)
   defining Unicode char U+00CD (decimal 205)
   defining Unicode char U+00CE (decimal 206)
   defining Unicode char U+00CF (decimal 207)
   defining Unicode char U+00D0 (decimal 208)
   defining Unicode char U+00D1 (decimal 209)
   defining Unicode char U+00D2 (decimal 210)
   defining Unicode char U+00D3 (decimal 211)
   defining Unicode char U+00D4 (decimal 212)
   defining Unicode char U+00D5 (decimal 213)
   defining Unicode char U+00D6 (decimal 214)
   defining Unicode char U+00D8 (decimal 216)
   defining Unicode char U+00D9 (decimal 217)
   defining Unicode char U+00DA (decimal 218)
   defining Unicode char U+00DB (decimal 219)
   defining Unicode char U+00DC (decimal 220)
   defining Unicode char U+00DD (decimal 221)
   defining Unicode char U+00DE (decimal 222)
   defining Unicode char U+00DF (decimal 223)
   defining Unicode char U+00E0 (decimal 224)
   defining Unicode char U+00E1 (decimal 225)
   defining Unicode char U+00E2 (decimal 226)
   defining Unicode char U+00E3 (decimal 227)
   defining Unicode char U+00E4 (decimal 228)
   defining Unicode char U+00E5 (decimal 229)
   defining Unicode char U+00E6 (decimal 230)
   defining Unicode char U+00E7 (decimal 231)
   defining Unicode char U+00E8 (decimal 232)
   defining Unicode char U+00E9 (decimal 233)
   defining Unicode char U+00EA (decimal 234)
   defining Unicode char U+00EB (decimal 235)
   defining Unicode char U+00EC (decimal 236)
   defining Unicode char U+00ED (decimal 237)
   defining Unicode char U+00EE (decimal 238)
   defining Unicode char U+00EF (decimal 239)
   defining Unicode char U+00F0 (decimal 240)
   defining Unicode char U+00F1 (decimal 241)
   defining Unicode char U+00F2 (decimal 242)
   defining Unicode char U+00F3 (decimal 243)
   defining Unicode char U+00F4 (decimal 244)
   defining Unicode char U+00F5 (decimal 245)
   defining Unicode char U+00F6 (decimal 246)
   defining Unicode char U+00F8 (decimal 248)
   defining Unicode char U+00F9 (decimal 249)
   defining Unicode char U+00FA (decimal 250)
   defining Unicode char U+00FB (decimal 251)
   defining Unicode char U+00FC (decimal 252)
   defining Unicode char U+00FD (decimal 253)
   defining Unicode char U+00FE (decimal 254)
   defining Unicode char U+00FF (decimal 255)
   defining Unicode char U+0102 (decimal 258)
   defining Unicode char U+0103 (decimal 259)
   defining Unicode char U+0104 (decimal 260)
   defining Unicode char U+0105 (decimal 261)
   defining Unicode char U+0106 (decimal 262)
   defining Unicode char U+0107 (decimal 263)
   defining Unicode char U+010C (decimal 268)
   defining Unicode char U+010D (decimal 269)
   defining Unicode char U+010E (decimal 270)
   defining Unicode char U+010F (decimal 271)
   defining Unicode char U+0110 (decimal 272)
   defining Unicode char U+0111 (decimal 273)
   defining Unicode char U+0118 (decimal 280)
   defining Unicode char U+0119 (decimal 281)
   defining Unicode char U+011A (decimal 282)
   defining Unicode char U+011B (decimal 283)
   defining Unicode char U+011E (decimal 286)
   defining Unicode char U+011F (decimal 287)
   defining Unicode char U+0130 (decimal 304)
   defining Unicode char U+0131 (decimal 305)
   defining Unicode char U+0132 (decimal 306)
   defining Unicode char U+0133 (decimal 307)
   defining Unicode char U+0139 (decimal 313)
   defining Unicode char U+013A (decimal 314)
   defining Unicode char U+013D (decimal 317)
   defining Unicode char U+013E (decimal 318)
   defining Unicode char U+0141 (decimal 321)
   defining Unicode char U+0142 (decimal 322)
   defining Unicode char U+0143 (decimal 323)
   defining Unicode char U+0144 (decimal 324)
   defining Unicode char U+0147 (decimal 327)
   defining Unicode char U+0148 (decimal 328)
   defining Unicode char U+014A (decimal 330)
   defining Unicode char U+014B (decimal 331)
   defining Unicode char U+0150 (decimal 336)
   defining Unicode char U+0151 (decimal 337)
   defining Unicode char U+0152 (decimal 338)
   defining Unicode char U+0153 (decimal 339)
   defining Unicode char U+0154 (decimal 340)
   defining Unicode char U+0155 (decimal 341)
   defining Unicode char U+0158 (decimal 344)
   defining Unicode char U+0159 (decimal 345)
   defining Unicode char U+015A (decimal 346)
   defining Unicode char U+015B (decimal 347)
   defining Unicode char U+015E (decimal 350)
   defining Unicode char U+015F (decimal 351)
   defining Unicode char U+0160 (decimal 352)
   defining Unicode char U+0161 (decimal 353)
   defining Unicode char U+0162 (decimal 354)
   defining Unicode char U+0163 (decimal 355)
   defining Unicode char U+0164 (decimal 356)
   defining Unicode char U+0165 (decimal 357)
   defining Unicode char U+016E (decimal 366)
   defining Unicode char U+016F (decimal 367)
   defining Unicode char U+0170 (decimal 368)
   defining Unicode char U+0171 (decimal 369)
   defining Unicode char U+0178 (decimal 376)
   defining Unicode char U+0179 (decimal 377)
   defining Unicode char U+017A (decimal 378)
   defining Unicode char U+017B (decimal 379)
   defining Unicode char U+017C (decimal 380)
   defining Unicode char U+017D (decimal 381)
   defining Unicode char U+017E (decimal 382)
   defining Unicode char U+200C (decimal 8204)
   defining Unicode char U+2013 (decimal 8211)
   defining Unicode char U+2014 (decimal 8212)
   defining Unicode char U+2018 (decimal 8216)
   defining Unicode char U+2019 (decimal 8217)
   defining Unicode char U+201A (decimal 8218)
   defining Unicode char U+201C (decimal 8220)
   defining Unicode char U+201D (decimal 8221)
   defining Unicode char U+201E (decimal 8222)
   defining Unicode char U+2030 (decimal 8240)
   defining Unicode char U+2031 (decimal 8241)
   defining Unicode char U+2039 (decimal 8249)
   defining Unicode char U+203A (decimal 8250)
   defining Unicode char U+2423 (decimal 9251)
)
Now handling font encoding OT1 ...
... processing UTF-8 mapping file for font encoding OT1

("C:\Program Files\MiKTeX 2.9\tex\latex\base\ot1enc.dfu"
File: ot1enc.dfu 2008/04/05 v1.1m UTF-8 support for inputenc
   defining Unicode char U+00A1 (decimal 161)
   defining Unicode char U+00A3 (decimal 163)
   defining Unicode char U+00B8 (decimal 184)
   defining Unicode char U+00BF (decimal 191)
   defining Unicode char U+00C5 (decimal 197)
   defining Unicode char U+00C6 (decimal 198)
   defining Unicode char U+00D8 (decimal 216)
   defining Unicode char U+00DF (decimal 223)
   defining Unicode char U+00E6 (decimal 230)
   defining Unicode char U+00EC (decimal 236)
   defining Unicode char U+00ED (decimal 237)
   defining Unicode char U+00EE (decimal 238)
   defining Unicode char U+00EF (decimal 239)
   defining Unicode char U+00F8 (decimal 248)
   defining Unicode char U+0131 (decimal 305)
   defining Unicode char U+0141 (decimal 321)
   defining Unicode char U+0142 (decimal 322)
   defining Unicode char U+0152 (decimal 338)
   defining Unicode char U+0153 (decimal 339)
   defining Unicode char U+2013 (decimal 8211)
   defining Unicode char U+2014 (decimal 8212)
   defining Unicode char U+2018 (decimal 8216)
   defining Unicode char U+2019 (decimal 8217)
   defining Unicode char U+201C (decimal 8220)
   defining Unicode char U+201D (decimal 8221)
)
Now handling font encoding OMS ...
... processing UTF-8 mapping file for font encoding OMS

("C:\Program Files\MiKTeX 2.9\tex\latex\base\omsenc.dfu"
File: omsenc.dfu 2008/04/05 v1.1m UTF-8 support for inputenc
   defining Unicode char U+00A7 (decimal 167)
   defining Unicode char U+00B6 (decimal 182)
   defining Unicode char U+00B7 (decimal 183)
   defining Unicode char U+2020 (decimal 8224)
   defining Unicode char U+2021 (decimal 8225)
   defining Unicode char U+2022 (decimal 8226)
)
Now handling font encoding OMX ...
... no UTF-8 mapping file for font encoding OMX
Now handling font encoding U ...
... no UTF-8 mapping file for font encoding U
   defining Unicode char U+00A9 (decimal 169)
   defining Unicode char U+00AA (decimal 170)
   defining Unicode char U+00AE (decimal 174)
   defining Unicode char U+00BA (decimal 186)
   defining Unicode char U+02C6 (decimal 710)
   defining Unicode char U+02DC (decimal 732)
   defining Unicode char U+200C (decimal 8204)
   defining Unicode char U+2026 (decimal 8230)
   defining Unicode char U+2122 (decimal 8482)
   defining Unicode char U+2423 (decimal 9251)
))
("C:\Program Files\MiKTeX 2.9\tex\latex\rotating\rotating.sty"
Package: rotating 2009/03/28 v2.16a rotated objects in LaTeX

("C:\Program Files\MiKTeX 2.9\tex\latex\base\ifthen.sty"
Package: ifthen 2001/05/26 v1.1c Standard LaTeX ifthen package (DPC)
)
\c@r@tfl@t=\count109
\rotFPtop=\skip44
\rotFPbot=\skip45
\rot@float@box=\box30
\rot@mess@toks=\toks34
)
("C:\Program Files\MiKTeX 2.9\tex\latex\xcolor\xcolor.sty"
Package: xcolor 2007/01/21 v2.11 LaTeX color extensions (UK)

("C:\Program Files\MiKTeX 2.9\tex\latex\00miktex\color.cfg"
File: color.cfg 2007/01/18 v1.5 color configuration of teTeX/TeXLive
)
Package xcolor Info: Driver file: pdftex.def on input line 225.
Package xcolor Info: Model `cmy' substituted by `cmy0' on input line 1337.
Package xcolor Info: Model `hsb' substituted by `rgb' on input line 1341.
Package xcolor Info: Model `RGB' extended on input line 1353.
Package xcolor Info: Model `HTML' substituted by `rgb' on input line 1355.
Package xcolor Info: Model `Hsb' substituted by `hsb' on input line 1356.
Package xcolor Info: Model `tHsb' substituted by `hsb' on input line 1357.
Package xcolor Info: Model `HSB' substituted by `hsb' on input line 1358.
Package xcolor Info: Model `Gray' substituted by `gray' on input line 1359.
Package xcolor Info: Model `wave' substituted by `hsb' on input line 1360.

("C:\Program Files\MiKTeX 2.9\tex\latex\graphics\dvipsnam.def"
File: dvipsnam.def 1999/02/16 v3.0i Driver-dependant file (DPC,SPQR)
))
(C:\Users\Mateusz\Desktop\repozytoria\MSI-2\python\bbob_pproc\ppdata/bbob_pproc
_commands.tex)
(C:\Users\Mateusz\Desktop\repozytoria\MSI-2\python\bbob_pproc\templateBBOBartic
le.aux)
LaTeX Font Info:    Checking defaults for OML/cmm/m/it on input line 53.
LaTeX Font Info:    ... okay on input line 53.
LaTeX Font Info:    Checking defaults for T1/cmr/m/n on input line 53.
LaTeX Font Info:    ... okay on input line 53.
LaTeX Font Info:    Checking defaults for OT1/cmr/m/n on input line 53.
LaTeX Font Info:    ... okay on input line 53.
LaTeX Font Info:    Checking defaults for OMS/cmsy/m/n on input line 53.
LaTeX Font Info:    ... okay on input line 53.
LaTeX Font Info:    Checking defaults for OMX/cmex/m/n on input line 53.
LaTeX Font Info:    ... okay on input line 53.
LaTeX Font Info:    Checking defaults for U/cmr/m/n on input line 53.
LaTeX Font Info:    ... okay on input line 53.
 ("C:\Program Files\MiKTeX 2.9\tex\context\base\supp-pdf.mkii"
[Loading MPS to PDF converter (version 2006.09.02).]
\scratchcounter=\count110
\scratchdimen=\dimen123
\scratchbox=\box31
\nofMPsegments=\count111
\nofMParguments=\count112
\everyMPshowfont=\toks35
\MPscratchCnt=\count113
\MPscratchDim=\dimen124
\MPnumerator=\count114
\makeMPintoPDFobject=\count115
\everyMPtoPDFconversion=\toks36
)
LaTeX Font Info:    Try loading font information for U+msa on input line 126.
 ("C:\Program Files\MiKTeX 2.9\tex\latex\amsfonts\umsa.fd"
File: umsa.fd 2013/01/14 v3.01 AMS symbols A
)
LaTeX Font Info:    Try loading font information for U+msb on input line 126.

("C:\Program Files\MiKTeX 2.9\tex\latex\amsfonts\umsb.fd"
File: umsb.fd 2013/01/14 v3.01 AMS symbols B
)
LaTeX Font Info:    Try loading font information for U+lasy on input line 126.

("C:\Program Files\MiKTeX 2.9\tex\latex\base\ulasy.fd"
File: ulasy.fd 1998/08/17 v2.2e LaTeX symbol font definitions
)
Overfull \hbox (10.575pt too wide) in paragraph at lines 140--141
\T1/aer/m/n/9 Benchmarking, PSO-DE, Opty-ma-li-za-cja wie-lo-wy-mia-ro-wej funk
-
 []


LaTeX Warning: Citation `hansen2012exp' on page \thepage  undefined on input li
ne 159.


LaTeX Warning: Citation `wp200901_2010' on page \thepage  undefined on input li
ne 160.


LaTeX Warning: Citation `hansen2012fun' on page \thepage  undefined on input li
ne 160.

<ppdata/ppfigdim_f001.pdf, id=1, 578.16pt x 433.62pt>
File: ppdata/ppfigdim_f001.pdf Graphic file (type pdf)

<use ppdata/ppfigdim_f001.pdf>
Package pdftex.def Info: ppdata/ppfigdim_f001.pdf used on input line 172.
(pdftex.def)             Requested size: 135.0747pt x 101.30522pt.

<ppdata/ppfigdim_f002.pdf, id=2, 578.16pt x 433.62pt>
File: ppdata/ppfigdim_f002.pdf Graphic file (type pdf)

<use ppdata/ppfigdim_f002.pdf>
Package pdftex.def Info: ppdata/ppfigdim_f002.pdf used on input line 173.
(pdftex.def)             Requested size: 135.0747pt x 101.30522pt.

<ppdata/ppfigdim_f003.pdf, id=3, 578.16pt x 433.62pt>
File: ppdata/ppfigdim_f003.pdf Graphic file (type pdf)

<use ppdata/ppfigdim_f003.pdf>
Package pdftex.def Info: ppdata/ppfigdim_f003.pdf used on input line 174.
(pdftex.def)             Requested size: 135.0747pt x 101.30522pt.

<ppdata/ppfigdim_f004.pdf, id=4, 578.16pt x 433.62pt>
File: ppdata/ppfigdim_f004.pdf Graphic file (type pdf)

<use ppdata/ppfigdim_f004.pdf>
Package pdftex.def Info: ppdata/ppfigdim_f004.pdf used on input line 175.
(pdftex.def)             Requested size: 135.0747pt x 101.30522pt.

<ppdata/ppfigdim_f005.pdf, id=5, 578.16pt x 433.62pt>
File: ppdata/ppfigdim_f005.pdf Graphic file (type pdf)

<use ppdata/ppfigdim_f005.pdf>
Package pdftex.def Info: ppdata/ppfigdim_f005.pdf used on input line 176.
(pdftex.def)             Requested size: 135.0747pt x 101.30522pt.

<ppdata/ppfigdim_f006.pdf, id=6, 578.16pt x 433.62pt>
File: ppdata/ppfigdim_f006.pdf Graphic file (type pdf)

<use ppdata/ppfigdim_f006.pdf>
Package pdftex.def Info: ppdata/ppfigdim_f006.pdf used on input line 177.
(pdftex.def)             Requested size: 135.0747pt x 101.30522pt.

<ppdata/ppfigdim_f007.pdf, id=7, 578.16pt x 433.62pt>
File: ppdata/ppfigdim_f007.pdf Graphic file (type pdf)

<use ppdata/ppfigdim_f007.pdf>
Package pdftex.def Info: ppdata/ppfigdim_f007.pdf used on input line 178.
(pdftex.def)             Requested size: 135.0747pt x 101.30522pt.

<ppdata/ppfigdim_f008.pdf, id=8, 578.16pt x 433.62pt>
File: ppdata/ppfigdim_f008.pdf Graphic file (type pdf)

<use ppdata/ppfigdim_f008.pdf>
Package pdftex.def Info: ppdata/ppfigdim_f008.pdf used on input line 179.
(pdftex.def)             Requested size: 135.0747pt x 101.30522pt.

<ppdata/ppfigdim_f009.pdf, id=9, 578.16pt x 433.62pt>
File: ppdata/ppfigdim_f009.pdf Graphic file (type pdf)

<use ppdata/ppfigdim_f009.pdf>
Package pdftex.def Info: ppdata/ppfigdim_f009.pdf used on input line 180.
(pdftex.def)             Requested size: 135.0747pt x 101.30522pt.

<ppdata/ppfigdim_f010.pdf, id=10, 578.16pt x 433.62pt>
File: ppdata/ppfigdim_f010.pdf Graphic file (type pdf)

<use ppdata/ppfigdim_f010.pdf>
Package pdftex.def Info: ppdata/ppfigdim_f010.pdf used on input line 181.
(pdftex.def)             Requested size: 135.0747pt x 101.30522pt.

<ppdata/ppfigdim_f011.pdf, id=11, 578.16pt x 433.62pt>
File: ppdata/ppfigdim_f011.pdf Graphic file (type pdf)

<use ppdata/ppfigdim_f011.pdf>
Package pdftex.def Info: ppdata/ppfigdim_f011.pdf used on input line 182.
(pdftex.def)             Requested size: 135.0747pt x 101.30522pt.

<ppdata/ppfigdim_f012.pdf, id=12, 578.16pt x 433.62pt>
File: ppdata/ppfigdim_f012.pdf Graphic file (type pdf)

<use ppdata/ppfigdim_f012.pdf>
Package pdftex.def Info: ppdata/ppfigdim_f012.pdf used on input line 183.
(pdftex.def)             Requested size: 135.0747pt x 101.30522pt.

<ppdata/ppfigdim_f013.pdf, id=13, 578.16pt x 433.62pt>
File: ppdata/ppfigdim_f013.pdf Graphic file (type pdf)

<use ppdata/ppfigdim_f013.pdf>
Package pdftex.def Info: ppdata/ppfigdim_f013.pdf used on input line 184.
(pdftex.def)             Requested size: 135.0747pt x 101.30522pt.

<ppdata/ppfigdim_f014.pdf, id=14, 578.16pt x 433.62pt>
File: ppdata/ppfigdim_f014.pdf Graphic file (type pdf)

<use ppdata/ppfigdim_f014.pdf>
Package pdftex.def Info: ppdata/ppfigdim_f014.pdf used on input line 185.
(pdftex.def)             Requested size: 135.0747pt x 101.30522pt.

<ppdata/ppfigdim_f015.pdf, id=15, 578.16pt x 433.62pt>
File: ppdata/ppfigdim_f015.pdf Graphic file (type pdf)

<use ppdata/ppfigdim_f015.pdf>
Package pdftex.def Info: ppdata/ppfigdim_f015.pdf used on input line 186.
(pdftex.def)             Requested size: 135.0747pt x 101.30522pt.

<ppdata/ppfigdim_f016.pdf, id=16, 578.16pt x 433.62pt>
File: ppdata/ppfigdim_f016.pdf Graphic file (type pdf)

<use ppdata/ppfigdim_f016.pdf>
Package pdftex.def Info: ppdata/ppfigdim_f016.pdf used on input line 187.
(pdftex.def)             Requested size: 135.0747pt x 101.30522pt.

<ppdata/ppfigdim_f017.pdf, id=17, 578.16pt x 433.62pt>
File: ppdata/ppfigdim_f017.pdf Graphic file (type pdf)

<use ppdata/ppfigdim_f017.pdf>
Package pdftex.def Info: ppdata/ppfigdim_f017.pdf used on input line 188.
(pdftex.def)             Requested size: 135.0747pt x 101.30522pt.

<ppdata/ppfigdim_f018.pdf, id=18, 578.16pt x 433.62pt>
File: ppdata/ppfigdim_f018.pdf Graphic file (type pdf)

<use ppdata/ppfigdim_f018.pdf>
Package pdftex.def Info: ppdata/ppfigdim_f018.pdf used on input line 189.
(pdftex.def)             Requested size: 135.0747pt x 101.30522pt.

<ppdata/ppfigdim_f019.pdf, id=19, 578.16pt x 433.62pt>
File: ppdata/ppfigdim_f019.pdf Graphic file (type pdf)

<use ppdata/ppfigdim_f019.pdf>
Package pdftex.def Info: ppdata/ppfigdim_f019.pdf used on input line 190.
(pdftex.def)             Requested size: 135.0747pt x 101.30522pt.

<ppdata/ppfigdim_f020.pdf, id=20, 578.16pt x 433.62pt>
File: ppdata/ppfigdim_f020.pdf Graphic file (type pdf)

<use ppdata/ppfigdim_f020.pdf>
Package pdftex.def Info: ppdata/ppfigdim_f020.pdf used on input line 191.
(pdftex.def)             Requested size: 135.0747pt x 101.30522pt.

<ppdata/ppfigdim_f021.pdf, id=21, 578.16pt x 433.62pt>
File: ppdata/ppfigdim_f021.pdf Graphic file (type pdf)

<use ppdata/ppfigdim_f021.pdf>
Package pdftex.def Info: ppdata/ppfigdim_f021.pdf used on input line 192.
(pdftex.def)             Requested size: 135.0747pt x 101.30522pt.

<ppdata/ppfigdim_f022.pdf, id=22, 578.16pt x 433.62pt>
File: ppdata/ppfigdim_f022.pdf Graphic file (type pdf)

<use ppdata/ppfigdim_f022.pdf>
Package pdftex.def Info: ppdata/ppfigdim_f022.pdf used on input line 193.
(pdftex.def)             Requested size: 135.0747pt x 101.30522pt.

<ppdata/ppfigdim_f023.pdf, id=23, 578.16pt x 433.62pt>
File: ppdata/ppfigdim_f023.pdf Graphic file (type pdf)

<use ppdata/ppfigdim_f023.pdf>
Package pdftex.def Info: ppdata/ppfigdim_f023.pdf used on input line 194.
(pdftex.def)             Requested size: 135.0747pt x 101.30522pt.

<ppdata/ppfigdim_f024.pdf, id=24, 578.16pt x 433.62pt>
File: ppdata/ppfigdim_f024.pdf Graphic file (type pdf)

<use ppdata/ppfigdim_f024.pdf>
Package pdftex.def Info: ppdata/ppfigdim_f024.pdf used on input line 195.
(pdftex.def)             Requested size: 135.0747pt x 101.30522pt.

Overfull \hbox (9.3081pt too wide) in paragraph at lines 171--200
[][]
 []


(C:\Users\Mateusz\Desktop\repozytoria\MSI-2\python\bbob_pproc\ppdata/pptable_05
D_noiselessall.tex)
Overfull \hbox (14.97844pt too wide) in paragraph at lines 1--216
 [][] 
 []


(C:\Users\Mateusz\Desktop\repozytoria\MSI-2\python\bbob_pproc\ppdata/pptable_20
D_noiselessall.tex)
Overfull \hbox (19.80626pt too wide) in paragraph at lines 1--219
 [][] 
 []

<ppdata/pprldistr_05D_separ.pdf, id=25, 578.16pt x 433.62pt>
File: ppdata/pprldistr_05D_separ.pdf Graphic file (type pdf)

<use ppdata/pprldistr_05D_separ.pdf>
Package pdftex.def Info: ppdata/pprldistr_05D_separ.pdf used on input line 241.

(pdftex.def)             Requested size: 135.0747pt x 92.66371pt.

<ppdata/ppfvdistr_05D_separ.pdf, id=27, 578.16pt x 433.62pt>
File: ppdata/ppfvdistr_05D_separ.pdf Graphic file (type pdf)

<use ppdata/ppfvdistr_05D_separ.pdf>
Package pdftex.def Info: ppdata/ppfvdistr_05D_separ.pdf used on input line 242.

(pdftex.def)             Requested size: 119.04785pt x 92.60318pt.

<ppdata/pprldistr_20D_separ.pdf, id=29, 578.16pt x 433.62pt>
File: ppdata/pprldistr_20D_separ.pdf Graphic file (type pdf)

<use ppdata/pprldistr_20D_separ.pdf>
Package pdftex.def Info: ppdata/pprldistr_20D_separ.pdf used on input line 243.

(pdftex.def)             Requested size: 135.0747pt x 92.66371pt.

<ppdata/ppfvdistr_20D_separ.pdf, id=31, 578.16pt x 433.62pt>
File: ppdata/ppfvdistr_20D_separ.pdf Graphic file (type pdf)

<use ppdata/ppfvdistr_20D_separ.pdf>
Package pdftex.def Info: ppdata/ppfvdistr_20D_separ.pdf used on input line 244.

(pdftex.def)             Requested size: 119.04785pt x 92.60318pt.

<ppdata/pprldistr_05D_lcond.pdf, id=33, 578.16pt x 433.62pt>
File: ppdata/pprldistr_05D_lcond.pdf Graphic file (type pdf)

<use ppdata/pprldistr_05D_lcond.pdf>
Package pdftex.def Info: ppdata/pprldistr_05D_lcond.pdf used on input line 246.

(pdftex.def)             Requested size: 135.0747pt x 92.66371pt.

<ppdata/ppfvdistr_05D_lcond.pdf, id=35, 578.16pt x 433.62pt>
File: ppdata/ppfvdistr_05D_lcond.pdf Graphic file (type pdf)

<use ppdata/ppfvdistr_05D_lcond.pdf>
Package pdftex.def Info: ppdata/ppfvdistr_05D_lcond.pdf used on input line 247.

(pdftex.def)             Requested size: 119.04785pt x 92.60318pt.

<ppdata/pprldistr_20D_lcond.pdf, id=37, 578.16pt x 433.62pt>
File: ppdata/pprldistr_20D_lcond.pdf Graphic file (type pdf)

<use ppdata/pprldistr_20D_lcond.pdf>
Package pdftex.def Info: ppdata/pprldistr_20D_lcond.pdf used on input line 248.

(pdftex.def)             Requested size: 135.0747pt x 92.66371pt.

<ppdata/ppfvdistr_20D_lcond.pdf, id=39, 578.16pt x 433.62pt>
File: ppdata/ppfvdistr_20D_lcond.pdf Graphic file (type pdf)

<use ppdata/ppfvdistr_20D_lcond.pdf>
Package pdftex.def Info: ppdata/ppfvdistr_20D_lcond.pdf used on input line 249.

(pdftex.def)             Requested size: 119.04785pt x 92.60318pt.

<ppdata/pprldistr_05D_hcond.pdf, id=41, 578.16pt x 433.62pt>
File: ppdata/pprldistr_05D_hcond.pdf Graphic file (type pdf)

<use ppdata/pprldistr_05D_hcond.pdf>
Package pdftex.def Info: ppdata/pprldistr_05D_hcond.pdf used on input line 251.

(pdftex.def)             Requested size: 135.0747pt x 92.66371pt.

<ppdata/ppfvdistr_05D_hcond.pdf, id=43, 578.16pt x 433.62pt>
File: ppdata/ppfvdistr_05D_hcond.pdf Graphic file (type pdf)

<use ppdata/ppfvdistr_05D_hcond.pdf>
Package pdftex.def Info: ppdata/ppfvdistr_05D_hcond.pdf used on input line 252.

(pdftex.def)             Requested size: 119.04785pt x 92.60318pt.

<ppdata/pprldistr_20D_hcond.pdf, id=45, 578.16pt x 433.62pt>
File: ppdata/pprldistr_20D_hcond.pdf Graphic file (type pdf)

<use ppdata/pprldistr_20D_hcond.pdf>
Package pdftex.def Info: ppdata/pprldistr_20D_hcond.pdf used on input line 253.

(pdftex.def)             Requested size: 135.0747pt x 92.66371pt.

<ppdata/ppfvdistr_20D_hcond.pdf, id=47, 578.16pt x 433.62pt>
File: ppdata/ppfvdistr_20D_hcond.pdf Graphic file (type pdf)

<use ppdata/ppfvdistr_20D_hcond.pdf>
Package pdftex.def Info: ppdata/ppfvdistr_20D_hcond.pdf used on input line 254.

(pdftex.def)             Requested size: 119.04785pt x 92.60318pt.

<ppdata/pprldistr_05D_multi.pdf, id=49, 578.16pt x 433.62pt>
File: ppdata/pprldistr_05D_multi.pdf Graphic file (type pdf)

<use ppdata/pprldistr_05D_multi.pdf>
Package pdftex.def Info: ppdata/pprldistr_05D_multi.pdf used on input line 256.

(pdftex.def)             Requested size: 135.0747pt x 92.66371pt.

<ppdata/ppfvdistr_05D_multi.pdf, id=51, 578.16pt x 433.62pt>
File: ppdata/ppfvdistr_05D_multi.pdf Graphic file (type pdf)

<use ppdata/ppfvdistr_05D_multi.pdf>
Package pdftex.def Info: ppdata/ppfvdistr_05D_multi.pdf used on input line 257.

(pdftex.def)             Requested size: 119.04785pt x 92.60318pt.

<ppdata/pprldistr_20D_multi.pdf, id=53, 578.16pt x 433.62pt>
File: ppdata/pprldistr_20D_multi.pdf Graphic file (type pdf)

<use ppdata/pprldistr_20D_multi.pdf>
Package pdftex.def Info: ppdata/pprldistr_20D_multi.pdf used on input line 258.

(pdftex.def)             Requested size: 135.0747pt x 92.66371pt.

<ppdata/ppfvdistr_20D_multi.pdf, id=55, 578.16pt x 433.62pt>
File: ppdata/ppfvdistr_20D_multi.pdf Graphic file (type pdf)

<use ppdata/ppfvdistr_20D_multi.pdf>
Package pdftex.def Info: ppdata/ppfvdistr_20D_multi.pdf used on input line 259.

(pdftex.def)             Requested size: 119.04785pt x 92.60318pt.

<ppdata/pprldistr_05D_mult2.pdf, id=57, 578.16pt x 433.62pt>
File: ppdata/pprldistr_05D_mult2.pdf Graphic file (type pdf)

<use ppdata/pprldistr_05D_mult2.pdf>
Package pdftex.def Info: ppdata/pprldistr_05D_mult2.pdf used on input line 261.

(pdftex.def)             Requested size: 135.0747pt x 92.66371pt.

<ppdata/ppfvdistr_05D_mult2.pdf, id=59, 578.16pt x 433.62pt>
File: ppdata/ppfvdistr_05D_mult2.pdf Graphic file (type pdf)

<use ppdata/ppfvdistr_05D_mult2.pdf>
Package pdftex.def Info: ppdata/ppfvdistr_05D_mult2.pdf used on input line 262.

(pdftex.def)             Requested size: 119.04785pt x 92.60318pt.

<ppdata/pprldistr_20D_mult2.pdf, id=61, 578.16pt x 433.62pt>
File: ppdata/pprldistr_20D_mult2.pdf Graphic file (type pdf)

<use ppdata/pprldistr_20D_mult2.pdf>
Package pdftex.def Info: ppdata/pprldistr_20D_mult2.pdf used on input line 263.

(pdftex.def)             Requested size: 135.0747pt x 92.66371pt.

<ppdata/ppfvdistr_20D_mult2.pdf, id=63, 578.16pt x 433.62pt>
File: ppdata/ppfvdistr_20D_mult2.pdf Graphic file (type pdf)

<use ppdata/ppfvdistr_20D_mult2.pdf>
Package pdftex.def Info: ppdata/ppfvdistr_20D_mult2.pdf used on input line 264.

(pdftex.def)             Requested size: 119.04785pt x 92.60318pt.

<ppdata/pprldistr_05D_noiselessall.pdf, id=65, 578.16pt x 433.62pt>
File: ppdata/pprldistr_05D_noiselessall.pdf Graphic file (type pdf)

<use ppdata/pprldistr_05D_noiselessall.pdf>
Package pdftex.def Info: ppdata/pprldistr_05D_noiselessall.pdf used on input li
ne 266.
(pdftex.def)             Requested size: 135.0747pt x 92.66371pt.

<ppdata/ppfvdistr_05D_noiselessall.pdf, id=67, 578.16pt x 433.62pt>
File: ppdata/ppfvdistr_05D_noiselessall.pdf Graphic file (type pdf)

<use ppdata/ppfvdistr_05D_noiselessall.pdf>
Package pdftex.def Info: ppdata/ppfvdistr_05D_noiselessall.pdf used on input li
ne 267.
(pdftex.def)             Requested size: 119.04785pt x 92.60318pt.

<ppdata/pprldistr_20D_noiselessall.pdf, id=69, 578.16pt x 433.62pt>
File: ppdata/pprldistr_20D_noiselessall.pdf Graphic file (type pdf)

<use ppdata/pprldistr_20D_noiselessall.pdf>
Package pdftex.def Info: ppdata/pprldistr_20D_noiselessall.pdf used on input li
ne 268.
(pdftex.def)             Requested size: 135.0747pt x 92.66371pt.

<ppdata/ppfvdistr_20D_noiselessall.pdf, id=71, 578.16pt x 433.62pt>
File: ppdata/ppfvdistr_20D_noiselessall.pdf Graphic file (type pdf)

<use ppdata/ppfvdistr_20D_noiselessall.pdf>
Package pdftex.def Info: ppdata/ppfvdistr_20D_noiselessall.pdf used on input li
ne 269.
(pdftex.def)             Requested size: 119.04785pt x 92.60318pt.

Overfull \hbox (4.48491pt too wide) in paragraph at lines 238--274
[][] 
 []

LaTeX Font Info:    Try loading font information for T1+aess on input line 274.

("C:\Program Files\MiKTeX 2.9\tex\latex\ae\t1aess.fd"
File: t1aess.fd 1997/11/16 Font definitions for T1/aess.
)
<ppdata/pplogloss_05D_noiselessall.pdf, id=73, 578.16pt x 433.62pt>
File: ppdata/pplogloss_05D_noiselessall.pdf Graphic file (type pdf)

<use ppdata/pplogloss_05D_noiselessall.pdf>
Package pdftex.def Info: ppdata/pplogloss_05D_noiselessall.pdf used on input li
ne 287.
(pdftex.def)             Requested size: 120.96277pt x 90.71956pt.

<ppdata/pplogloss_20D_noiselessall.pdf, id=75, 578.16pt x 433.62pt>
File: ppdata/pplogloss_20D_noiselessall.pdf Graphic file (type pdf)

<use ppdata/pplogloss_20D_noiselessall.pdf>
Package pdftex.def Info: ppdata/pplogloss_20D_noiselessall.pdf used on input li
ne 288.
(pdftex.def)             Requested size: 120.96277pt x 90.71956pt.

Overfull \hbox (1.92554pt too wide) in paragraph at lines 287--289
 [][][] 
 []


(C:\Users\Mateusz\Desktop\repozytoria\MSI-2\python\bbob_pproc\ppdata/pploglosst
able_05D_noiselessall.tex)
(C:\Users\Mateusz\Desktop\repozytoria\MSI-2\python\bbob_pproc\ppdata/pploglosst
able_20D_noiselessall.tex)
<ppdata/pplogloss_05D_separ.pdf, id=77, 578.16pt x 433.62pt>
File: ppdata/pplogloss_05D_separ.pdf Graphic file (type pdf)

<use ppdata/pplogloss_05D_separ.pdf>
Package pdftex.def Info: ppdata/pplogloss_05D_separ.pdf used on input line 314.

(pdftex.def)             Requested size: 120.96277pt x 90.71956pt.

<ppdata/pplogloss_20D_separ.pdf, id=79, 578.16pt x 433.62pt>
File: ppdata/pplogloss_20D_separ.pdf Graphic file (type pdf)

<use ppdata/pplogloss_20D_separ.pdf>
Package pdftex.def Info: ppdata/pplogloss_20D_separ.pdf used on input line 315.

(pdftex.def)             Requested size: 120.96277pt x 90.71956pt.

<ppdata/pplogloss_05D_lcond.pdf, id=81, 578.16pt x 433.62pt>
File: ppdata/pplogloss_05D_lcond.pdf Graphic file (type pdf)

<use ppdata/pplogloss_05D_lcond.pdf>
Package pdftex.def Info: ppdata/pplogloss_05D_lcond.pdf used on input line 318.

(pdftex.def)             Requested size: 120.96277pt x 90.71956pt.

<ppdata/pplogloss_20D_lcond.pdf, id=83, 578.16pt x 433.62pt>
File: ppdata/pplogloss_20D_lcond.pdf Graphic file (type pdf)

<use ppdata/pplogloss_20D_lcond.pdf>
Package pdftex.def Info: ppdata/pplogloss_20D_lcond.pdf used on input line 319.

(pdftex.def)             Requested size: 120.96277pt x 90.71956pt.

<ppdata/pplogloss_05D_hcond.pdf, id=85, 578.16pt x 433.62pt>
File: ppdata/pplogloss_05D_hcond.pdf Graphic file (type pdf)

<use ppdata/pplogloss_05D_hcond.pdf>
Package pdftex.def Info: ppdata/pplogloss_05D_hcond.pdf used on input line 322.

(pdftex.def)             Requested size: 120.96277pt x 90.71956pt.

<ppdata/pplogloss_20D_hcond.pdf, id=87, 578.16pt x 433.62pt>
File: ppdata/pplogloss_20D_hcond.pdf Graphic file (type pdf)

<use ppdata/pplogloss_20D_hcond.pdf>
Package pdftex.def Info: ppdata/pplogloss_20D_hcond.pdf used on input line 323.

(pdftex.def)             Requested size: 120.96277pt x 90.71956pt.

<ppdata/pplogloss_05D_multi.pdf, id=89, 578.16pt x 433.62pt>
File: ppdata/pplogloss_05D_multi.pdf Graphic file (type pdf)

<use ppdata/pplogloss_05D_multi.pdf>
Package pdftex.def Info: ppdata/pplogloss_05D_multi.pdf used on input line 326.

(pdftex.def)             Requested size: 120.96277pt x 90.71956pt.

<ppdata/pplogloss_20D_multi.pdf, id=91, 578.16pt x 433.62pt>
File: ppdata/pplogloss_20D_multi.pdf Graphic file (type pdf)

<use ppdata/pplogloss_20D_multi.pdf>
Package pdftex.def Info: ppdata/pplogloss_20D_multi.pdf used on input line 327.

(pdftex.def)             Requested size: 120.96277pt x 90.71956pt.

<ppdata/pplogloss_05D_mult2.pdf, id=93, 578.16pt x 433.62pt>
File: ppdata/pplogloss_05D_mult2.pdf Graphic file (type pdf)

<use ppdata/pplogloss_05D_mult2.pdf>
Package pdftex.def Info: ppdata/pplogloss_05D_mult2.pdf used on input line 330.

(pdftex.def)             Requested size: 120.96277pt x 90.71956pt.

<ppdata/pplogloss_20D_mult2.pdf, id=95, 578.16pt x 433.62pt>
File: ppdata/pplogloss_20D_mult2.pdf Graphic file (type pdf)

<use ppdata/pplogloss_20D_mult2.pdf>
Package pdftex.def Info: ppdata/pplogloss_20D_mult2.pdf used on input line 331.

(pdftex.def)             Requested size: 120.96277pt x 90.71956pt.

Overfull \hbox (8.5465pt too wide) in paragraph at lines 308--336
[][] 
 []

No file templateBBOBarticle.bbl.
[1{C:/ProgramData/MiKTeX/2.9/pdftex/config/pdftex.map}


Non-PDF special ignored!

 <C:/Users/Mateusz/Desktop/repozytoria/MSI-2/python/bbob_pproc/ppdata/pplogloss
_05D_noiselessall.pdf> <C:/Users/Mateusz/Desktop/repozytoria/MSI-2/python/bbob_
pproc/ppdata/pplogloss_20D_noiselessall.pdf>] [2 <C:/Users/Mateusz/Desktop/repo
zytoria/MSI-2/python/bbob_pproc/ppdata/ppfigdim_f001.pdf> <C:/Users/Mateusz/Des
ktop/repozytoria/MSI-2/python/bbob_pproc/ppdata/ppfigdim_f002.pdf

pdfTeX warning: pdflatex (file C:/Users/Mateusz/Desktop/repozytoria/MSI-2/pytho
n/bbob_pproc/ppdata/ppfigdim_f002.pdf): PDF inclusion: multiple pdfs with page 
group included in a single page
> <C:/Users/Mateusz/Desktop/repozytoria/MSI-2/python/bbob_pproc/ppdata/ppfigdim
_f003.pdf

pdfTeX warning: pdflatex (file C:/Users/Mateusz/Desktop/repozytoria/MSI-2/pytho
n/bbob_pproc/ppdata/ppfigdim_f003.pdf): PDF inclusion: multiple pdfs with page 
group included in a single page
> <C:/Users/Mateusz/Desktop/repozytoria/MSI-2/python/bbob_pproc/ppdata/ppfigdim
_f004.pdf

pdfTeX warning: pdflatex (file C:/Users/Mateusz/Desktop/repozytoria/MSI-2/pytho
n/bbob_pproc/ppdata/ppfigdim_f004.pdf): PDF inclusion: multiple pdfs with page 
group included in a single page
> <C:/Users/Mateusz/Desktop/repozytoria/MSI-2/python/bbob_pproc/ppdata/ppfigdim
_f005.pdf

pdfTeX warning: pdflatex (file C:/Users/Mateusz/Desktop/repozytoria/MSI-2/pytho
n/bbob_pproc/ppdata/ppfigdim_f005.pdf): PDF inclusion: multiple pdfs with page 
group included in a single page
> <C:/Users/Mateusz/Desktop/repozytoria/MSI-2/python/bbob_pproc/ppdata/ppfigdim
_f006.pdf

pdfTeX warning: pdflatex (file C:/Users/Mateusz/Desktop/repozytoria/MSI-2/pytho
n/bbob_pproc/ppdata/ppfigdim_f006.pdf): PDF inclusion: multiple pdfs with page 
group included in a single page
> <C:/Users/Mateusz/Desktop/repozytoria/MSI-2/python/bbob_pproc/ppdata/ppfigdim
_f007.pdf

pdfTeX warning: pdflatex (file C:/Users/Mateusz/Desktop/repozytoria/MSI-2/pytho
n/bbob_pproc/ppdata/ppfigdim_f007.pdf): PDF inclusion: multiple pdfs with page 
group included in a single page
> <C:/Users/Mateusz/Desktop/repozytoria/MSI-2/python/bbob_pproc/ppdata/ppfigdim
_f008.pdf

pdfTeX warning: pdflatex (file C:/Users/Mateusz/Desktop/repozytoria/MSI-2/pytho
n/bbob_pproc/ppdata/ppfigdim_f008.pdf): PDF inclusion: multiple pdfs with page 
group included in a single page
> <C:/Users/Mateusz/Desktop/repozytoria/MSI-2/python/bbob_pproc/ppdata/ppfigdim
_f009.pdf

pdfTeX warning: pdflatex (file C:/Users/Mateusz/Desktop/repozytoria/MSI-2/pytho
n/bbob_pproc/ppdata/ppfigdim_f009.pdf): PDF inclusion: multiple pdfs with page 
group included in a single page
> <C:/Users/Mateusz/Desktop/repozytoria/MSI-2/python/bbob_pproc/ppdata/ppfigdim
_f010.pdf

pdfTeX warning: pdflatex (file C:/Users/Mateusz/Desktop/repozytoria/MSI-2/pytho
n/bbob_pproc/ppdata/ppfigdim_f010.pdf): PDF inclusion: multiple pdfs with page 
group included in a single page
> <C:/Users/Mateusz/Desktop/repozytoria/MSI-2/python/bbob_pproc/ppdata/ppfigdim
_f011.pdf

pdfTeX warning: pdflatex (file C:/Users/Mateusz/Desktop/repozytoria/MSI-2/pytho
n/bbob_pproc/ppdata/ppfigdim_f011.pdf): PDF inclusion: multiple pdfs with page 
group included in a single page
> <C:/Users/Mateusz/Desktop/repozytoria/MSI-2/python/bbob_pproc/ppdata/ppfigdim
_f012.pdf

pdfTeX warning: pdflatex (file C:/Users/Mateusz/Desktop/repozytoria/MSI-2/pytho
n/bbob_pproc/ppdata/ppfigdim_f012.pdf): PDF inclusion: multiple pdfs with page 
group included in a single page
> <C:/Users/Mateusz/Desktop/repozytoria/MSI-2/python/bbob_pproc/ppdata/ppfigdim
_f013.pdf

pdfTeX warning: pdflatex (file C:/Users/Mateusz/Desktop/repozytoria/MSI-2/pytho
n/bbob_pproc/ppdata/ppfigdim_f013.pdf): PDF inclusion: multiple pdfs with page 
group included in a single page
> <C:/Users/Mateusz/Desktop/repozytoria/MSI-2/python/bbob_pproc/ppdata/ppfigdim
_f014.pdf

pdfTeX warning: pdflatex (file C:/Users/Mateusz/Desktop/repozytoria/MSI-2/pytho
n/bbob_pproc/ppdata/ppfigdim_f014.pdf): PDF inclusion: multiple pdfs with page 
group included in a single page
> <C:/Users/Mateusz/Desktop/repozytoria/MSI-2/python/bbob_pproc/ppdata/ppfigdim
_f015.pdf

pdfTeX warning: pdflatex (file C:/Users/Mateusz/Desktop/repozytoria/MSI-2/pytho
n/bbob_pproc/ppdata/ppfigdim_f015.pdf): PDF inclusion: multiple pdfs with page 
group included in a single page
> <C:/Users/Mateusz/Desktop/repozytoria/MSI-2/python/bbob_pproc/ppdata/ppfigdim
_f016.pdf

pdfTeX warning: pdflatex (file C:/Users/Mateusz/Desktop/repozytoria/MSI-2/pytho
n/bbob_pproc/ppdata/ppfigdim_f016.pdf): PDF inclusion: multiple pdfs with page 
group included in a single page
> <C:/Users/Mateusz/Desktop/repozytoria/MSI-2/python/bbob_pproc/ppdata/ppfigdim
_f017.pdf

pdfTeX warning: pdflatex (file C:/Users/Mateusz/Desktop/repozytoria/MSI-2/pytho
n/bbob_pproc/ppdata/ppfigdim_f017.pdf): PDF inclusion: multiple pdfs with page 
group included in a single page
> <C:/Users/Mateusz/Desktop/repozytoria/MSI-2/python/bbob_pproc/ppdata/ppfigdim
_f018.pdf

pdfTeX warning: pdflatex (file C:/Users/Mateusz/Desktop/repozytoria/MSI-2/pytho
n/bbob_pproc/ppdata/ppfigdim_f018.pdf): PDF inclusion: multiple pdfs with page 
group included in a single page
> <C:/Users/Mateusz/Desktop/repozytoria/MSI-2/python/bbob_pproc/ppdata/ppfigdim
_f019.pdf

pdfTeX warning: pdflatex (file C:/Users/Mateusz/Desktop/repozytoria/MSI-2/pytho
n/bbob_pproc/ppdata/ppfigdim_f019.pdf): PDF inclusion: multiple pdfs with page 
group included in a single page
> <C:/Users/Mateusz/Desktop/repozytoria/MSI-2/python/bbob_pproc/ppdata/ppfigdim
_f020.pdf

pdfTeX warning: pdflatex (file C:/Users/Mateusz/Desktop/repozytoria/MSI-2/pytho
n/bbob_pproc/ppdata/ppfigdim_f020.pdf): PDF inclusion: multiple pdfs with page 
group included in a single page
> <C:/Users/Mateusz/Desktop/repozytoria/MSI-2/python/bbob_pproc/ppdata/ppfigdim
_f021.pdf

pdfTeX warning: pdflatex (file C:/Users/Mateusz/Desktop/repozytoria/MSI-2/pytho
n/bbob_pproc/ppdata/ppfigdim_f021.pdf): PDF inclusion: multiple pdfs with page 
group included in a single page
> <C:/Users/Mateusz/Desktop/repozytoria/MSI-2/python/bbob_pproc/ppdata/ppfigdim
_f022.pdf

pdfTeX warning: pdflatex (file C:/Users/Mateusz/Desktop/repozytoria/MSI-2/pytho
n/bbob_pproc/ppdata/ppfigdim_f022.pdf): PDF inclusion: multiple pdfs with page 
group included in a single page
> <C:/Users/Mateusz/Desktop/repozytoria/MSI-2/python/bbob_pproc/ppdata/ppfigdim
_f023.pdf

pdfTeX warning: pdflatex (file C:/Users/Mateusz/Desktop/repozytoria/MSI-2/pytho
n/bbob_pproc/ppdata/ppfigdim_f023.pdf): PDF inclusion: multiple pdfs with page 
group included in a single page
> <C:/Users/Mateusz/Desktop/repozytoria/MSI-2/python/bbob_pproc/ppdata/ppfigdim
_f024.pdf

pdfTeX warning: pdflatex (file C:/Users/Mateusz/Desktop/repozytoria/MSI-2/pytho
n/bbob_pproc/ppdata/ppfigdim_f024.pdf): PDF inclusion: multiple pdfs with page 
group included in a single page
>] [3 <C:/Users/Mateusz/Desktop/repozytoria/MSI-2/python/bbob_pproc/ppdata/pprl
distr_05D_separ.pdf> <C:/Users/Mateusz/Desktop/repozytoria/MSI-2/python/bbob_pp
roc/ppdata/ppfvdistr_05D_separ.pdf> <C:/Users/Mateusz/Desktop/repozytoria/MSI-2
/python/bbob_pproc/ppdata/pprldistr_20D_separ.pdf> <C:/Users/Mateusz/Desktop/re
pozytoria/MSI-2/python/bbob_pproc/ppdata/ppfvdistr_20D_separ.pdf> <C:/Users/Mat
eusz/Desktop/repozytoria/MSI-2/python/bbob_pproc/ppdata/pprldistr_05D_lcond.pdf
> <C:/Users/Mateusz/Desktop/repozytoria/MSI-2/python/bbob_pproc/ppdata/ppfvdist
r_05D_lcond.pdf> <C:/Users/Mateusz/Desktop/repozytoria/MSI-2/python/bbob_pproc/
ppdata/pprldistr_20D_lcond.pdf> <C:/Users/Mateusz/Desktop/repozytoria/MSI-2/pyt
hon/bbob_pproc/ppdata/ppfvdistr_20D_lcond.pdf> <C:/Users/Mateusz/Desktop/repozy
toria/MSI-2/python/bbob_pproc/ppdata/pprldistr_05D_hcond.pdf> <C:/Users/Mateusz
/Desktop/repozytoria/MSI-2/python/bbob_pproc/ppdata/ppfvdistr_05D_hcond.pdf> <C
:/Users/Mateusz/Desktop/repozytoria/MSI-2/python/bbob_pproc/ppdata/pprldistr_20
D_hcond.pdf> <C:/Users/Mateusz/Desktop/repozytoria/MSI-2/python/bbob_pproc/ppda
ta/ppfvdistr_20D_hcond.pdf> <C:/Users/Mateusz/Desktop/repozytoria/MSI-2/python/
bbob_pproc/ppdata/pprldistr_05D_multi.pdf> <C:/Users/Mateusz/Desktop/repozytori
a/MSI-2/python/bbob_pproc/ppdata/ppfvdistr_05D_multi.pdf> <C:/Users/Mateusz/Des
ktop/repozytoria/MSI-2/python/bbob_pproc/ppdata/pprldistr_20D_multi.pdf> <C:/Us
ers/Mateusz/Desktop/repozytoria/MSI-2/python/bbob_pproc/ppdata/ppfvdistr_20D_mu
lti.pdf> <C:/Users/Mateusz/Desktop/repozytoria/MSI-2/python/bbob_pproc/ppdata/p
prldistr_05D_mult2.pdf> <C:/Users/Mateusz/Desktop/repozytoria/MSI-2/python/bbob
_pproc/ppdata/ppfvdistr_05D_mult2.pdf> <C:/Users/Mateusz/Desktop/repozytoria/MS
I-2/python/bbob_pproc/ppdata/pprldistr_20D_mult2.pdf> <C:/Users/Mateusz/Desktop
/repozytoria/MSI-2/python/bbob_pproc/ppdata/ppfvdistr_20D_mult2.pdf> <C:/Users/
Mateusz/Desktop/repozytoria/MSI-2/python/bbob_pproc/ppdata/pprldistr_05D_noisel
essall.pdf> <C:/Users/Mateusz/Desktop/repozytoria/MSI-2/python/bbob_pproc/ppdat
a/ppfvdistr_05D_noiselessall.pdf> <C:/Users/Mateusz/Desktop/repozytoria/MSI-2/p
ython/bbob_pproc/ppdata/pprldistr_20D_noiselessall.pdf> <C:/Users/Mateusz/Deskt
op/repozytoria/MSI-2/python/bbob_pproc/ppdata/ppfvdistr_20D_noiselessall.pdf>]
[4] [5


 <C:/Users/Mateusz/Desktop/repozytoria/MSI-2/python/bbob_pproc/ppdata/pplogloss
_05D_separ.pdf> <C:/Users/Mateusz/Desktop/repozytoria/MSI-2/python/bbob_pproc/p
pdata/pplogloss_20D_separ.pdf> <C:/Users/Mateusz/Desktop/repozytoria/MSI-2/pyth
on/bbob_pproc/ppdata/pplogloss_05D_lcond.pdf> <C:/Users/Mateusz/Desktop/repozyt
oria/MSI-2/python/bbob_pproc/ppdata/pplogloss_20D_lcond.pdf> <C:/Users/Mateusz/
Desktop/repozytoria/MSI-2/python/bbob_pproc/ppdata/pplogloss_05D_hcond.pdf> <C:
/Users/Mateusz/Desktop/repozytoria/MSI-2/python/bbob_pproc/ppdata/pplogloss_20D
_hcond.pdf> <C:/Users/Mateusz/Desktop/repozytoria/MSI-2/python/bbob_pproc/ppdat
a/pplogloss_05D_multi.pdf> <C:/Users/Mateusz/Desktop/repozytoria/MSI-2/python/b
bob_pproc/ppdata/pplogloss_20D_multi.pdf> <C:/Users/Mateusz/Desktop/repozytoria
/MSI-2/python/bbob_pproc/ppdata/pplogloss_05D_mult2.pdf> <C:/Users/Mateusz/Desk
top/repozytoria/MSI-2/python/bbob_pproc/ppdata/pplogloss_20D_mult2.pdf>]
(C:\Users\Mateusz\Desktop\repozytoria\MSI-2\python\bbob_pproc\templateBBOBartic
le.aux) ) 
Here is how much of TeX's memory you used:
 3764 strings out of 493921
 50818 string characters out of 3147276
 189051 words of memory out of 3000000
 6883 multiletter control sequences out of 15000+200000
 64073 words of font info for 90 fonts, out of 3000000 for 9000
 841 hyphenation exceptions out of 8191
 41i,13n,35p,1263b,353s stack positions out of 5000i,500n,10000p,200000b,50000s
{C:/Program Files/MiKTeX 2.9/fonts/enc/dvips/fontname/8r.enc}<C:/Progr
am Files/MiKTeX 2.9/fonts/type1/public/amsfonts/cm/cmbx5.pfb><C:/Program Files/
MiKTeX 2.9/fonts/type1/public/amsfonts/cm/cmbx9.pfb><C:/Program Files/MiKTeX 2.
9/fonts/type1/public/amsfonts/cm/cmbxti10.pfb><C:/Program Files/MiKTeX 2.9/font
s/type1/public/amsfonts/cm/cmmi5.pfb><C:/Program Files/MiKTeX 2.9/fonts/type1/p
ublic/amsfonts/cm/cmmi6.pfb><C:/Program Files/MiKTeX 2.9/fonts/type1/public/ams
fonts/cm/cmmi9.pfb><C:/Program Files/MiKTeX 2.9/fonts/type1/public/amsfonts/cm/
cmr5.pfb><C:/Program Files/MiKTeX 2.9/fonts/type1/public/amsfonts/cm/cmr6.pfb><
C:/Program Files/MiKTeX 2.9/fonts/type1/public/amsfonts/cm/cmr8.pfb><C:/Program
 Files/MiKTeX 2.9/fonts/type1/public/amsfonts/cm/cmr9.pfb><C:/Program Files/MiK
TeX 2.9/fonts/type1/public/amsfonts/cm/cmssbx10.pfb><C:/Program Files/MiKTeX 2.
9/fonts/type1/public/amsfonts/cm/cmsy5.pfb><C:/Program Files/MiKTeX 2.9/fonts/t
ype1/public/amsfonts/cm/cmsy6.pfb><C:/Program Files/MiKTeX 2.9/fonts/type1/publ
ic/amsfonts/cm/cmsy9.pfb><C:/Program Files/MiKTeX 2.9/fonts/type1/public/amsfon
ts/cm/cmti7.pfb><C:/Program Files/MiKTeX 2.9/fonts/type1/public/amsfonts/cm/cmt
i9.pfb><C:/Program Files/MiKTeX 2.9/fonts/type1/urw/helvetic/uhvb8a.pfb><C:/Pro
gram Files/MiKTeX 2.9/fonts/type1/urw/helvetic/uhvr8a.pfb><C:/Program Files/MiK
TeX 2.9/fonts/type1/urw/times/utmb8a.pfb>
Output written on templateBBOBarticle.pdf (5 pages, 1486711 bytes).
PDF statistics:
 2210 PDF objects out of 2487 (max. 8388607)
 0 named destinations out of 1000 (max. 500000)
 517 words of extra memory for PDF output out of 10000 (max. 10000000)

