This is pdfTeX, Version 3.1415926-2.5-1.40.14 (MiKTeX 2.9 64-bit) (preloaded format=pdflatex 2015.3.24)  3 JUN 2015 20:34
entering extended mode
**template1generic.tex

(C:\Users\Mateusz\Desktop\repozytoria\MSI-2\python\bbob_pproc\template1generic.
tex
LaTeX2e <2011/06/27>
Babel <v3.8m> and hyphenation patterns for english, afrikaans, ancientgreek, ar
abic, armenian, assamese, basque, bengali, bokmal, bulgarian, catalan, coptic, 
croatian, czech, danish, dutch, esperanto, estonian, farsi, finnish, french, ga
lician, german, german-x-2013-05-26, greek, gujarati, hindi, hungarian, iceland
ic, indonesian, interlingua, irish, italian, kannada, kurmanji, latin, latvian,
 lithuanian, malayalam, marathi, mongolian, mongolianlmc, monogreek, ngerman, n
german-x-2013-05-26, nynorsk, oriya, panjabi, pinyin, polish, portuguese, roman
ian, russian, sanskrit, serbian, slovak, slovenian, spanish, swedish, swissgerm
an, tamil, telugu, turkish, turkmen, ukenglish, ukrainian, uppersorbian, usengl
ishmax, welsh, loaded.
("C:\Program Files\MiKTeX 2.9\tex\latex\base\article.cls"
Document Class: article 2007/10/19 v1.4h Standard LaTeX document class
("C:\Program Files\MiKTeX 2.9\tex\latex\base\size10.clo"
File: size10.clo 2007/10/19 v1.4h Standard LaTeX file (size option)
)
\c@part=\count79
\c@section=\count80
\c@subsection=\count81
\c@subsubsection=\count82
\c@paragraph=\count83
\c@subparagraph=\count84
\c@figure=\count85
\c@table=\count86
\abovecaptionskip=\skip41
\belowcaptionskip=\skip42
\bibindent=\dimen102
)
("C:\Program Files\MiKTeX 2.9\tex\latex\polski\polski.sty"
Package: polski 2008/02/24 v1.3.3 Polish language package

Document language package `polski' v1.3.3 <2008/02/24>
\l@nohyphenation=\language69
   Switching to Polish text encoding and Polish maths fonts.
("C:\Program Files\MiKTeX 2.9\tex\latex\base\ot4enc.def"
File: ot4enc.def 2005/09/27 v1.99g Standard LaTeX file
)
LaTeX Font Info:    Try loading font information for OT4+cmr on input line 346.


("C:\Program Files\MiKTeX 2.9\tex\latex\polski\ot4cmr.fd"
File: ot4cmr.fd 2008/02/24 v1.2.1 Font defs for fonts PL (MW)
)
LaTeX Font Info:    Overwriting math alphabet `\mathbf' in version `normal'
(Font)                  OT1/cmr/bx/n --> OT4/cmr/bx/n on input line 346.
LaTeX Font Info:    Overwriting math alphabet `\mathsf' in version `normal'
(Font)                  OT1/cmss/m/n --> OT4/cmss/m/n on input line 346.
LaTeX Font Info:    Overwriting math alphabet `\mathit' in version `normal'
(Font)                  OT1/cmr/m/it --> OT4/cmr/m/it on input line 346.
LaTeX Font Info:    Overwriting math alphabet `\mathtt' in version `normal'
(Font)                  OT1/cmtt/m/n --> OT4/cmtt/m/n on input line 346.
LaTeX Font Info:    Overwriting math alphabet `\mathsf' in version `bold'
(Font)                  OT1/cmss/bx/n --> OT4/cmss/bx/n on input line 346.
LaTeX Font Info:    Overwriting math alphabet `\mathit' in version `bold'
(Font)                  OT1/cmr/bx/it --> OT4/cmr/bx/it on input line 346.
LaTeX Font Info:    Encoding `OT1' has changed to `OT4' for symbol font
(Font)              `operators' in the math version `normal' on input line 346.

LaTeX Font Info:    Overwriting symbol font `operators' in version `normal'
(Font)                  OT1/cmr/m/n --> OT4/cmr/m/n on input line 346.
LaTeX Font Info:    Overwriting symbol font `letters' in version `normal'
(Font)                  OML/cmm/m/it --> OML/plm/m/it on input line 346.
LaTeX Font Info:    Overwriting symbol font `symbols' in version `normal'
(Font)                  OMS/cmsy/m/n --> OMS/plsy/m/n on input line 346.
LaTeX Font Info:    Overwriting symbol font `largesymbols' in version `normal'
(Font)                  OMX/cmex/m/n --> OMX/plex/m/n on input line 346.
LaTeX Font Info:    Encoding `OT1' has changed to `OT4' for symbol font
(Font)              `operators' in the math version `bold' on input line 346.
LaTeX Font Info:    Overwriting symbol font `operators' in version `bold'
(Font)                  OT1/cmr/bx/n --> OT4/cmr/bx/n on input line 346.
LaTeX Font Info:    Overwriting symbol font `letters' in version `bold'
(Font)                  OML/cmm/b/it --> OML/plm/b/it on input line 346.
LaTeX Font Info:    Overwriting symbol font `symbols' in version `bold'
(Font)                  OMS/cmsy/b/n --> OMS/plsy/b/n on input line 346.
)
("C:\Program Files\MiKTeX 2.9\tex\latex\base\inputenc.sty"
Package: inputenc 2008/03/30 v1.1d Input encoding file
\inpenc@prehook=\toks14
\inpenc@posthook=\toks15

("C:\Program Files\MiKTeX 2.9\tex\latex\base\utf8.def"
File: utf8.def 2008/04/05 v1.1m UTF-8 support for inputenc
Now handling font encoding OML ...
... no UTF-8 mapping file for font encoding OML
Now handling font encoding T1 ...
... processing UTF-8 mapping file for font encoding T1

("C:\Program Files\MiKTeX 2.9\tex\latex\base\t1enc.dfu"
File: t1enc.dfu 2008/04/05 v1.1m UTF-8 support for inputenc
   defining Unicode char U+00A1 (decimal 161)
   defining Unicode char U+00A3 (decimal 163)
   defining Unicode char U+00AB (decimal 171)
   defining Unicode char U+00BB (decimal 187)
   defining Unicode char U+00BF (decimal 191)
   defining Unicode char U+00C0 (decimal 192)
   defining Unicode char U+00C1 (decimal 193)
   defining Unicode char U+00C2 (decimal 194)
   defining Unicode char U+00C3 (decimal 195)
   defining Unicode char U+00C4 (decimal 196)
   defining Unicode char U+00C5 (decimal 197)
   defining Unicode char U+00C6 (decimal 198)
   defining Unicode char U+00C7 (decimal 199)
   defining Unicode char U+00C8 (decimal 200)
   defining Unicode char U+00C9 (decimal 201)
   defining Unicode char U+00CA (decimal 202)
   defining Unicode char U+00CB (decimal 203)
   defining Unicode char U+00CC (decimal 204)
   defining Unicode char U+00CD (decimal 205)
   defining Unicode char U+00CE (decimal 206)
   defining Unicode char U+00CF (decimal 207)
   defining Unicode char U+00D0 (decimal 208)
   defining Unicode char U+00D1 (decimal 209)
   defining Unicode char U+00D2 (decimal 210)
   defining Unicode char U+00D3 (decimal 211)
   defining Unicode char U+00D4 (decimal 212)
   defining Unicode char U+00D5 (decimal 213)
   defining Unicode char U+00D6 (decimal 214)
   defining Unicode char U+00D8 (decimal 216)
   defining Unicode char U+00D9 (decimal 217)
   defining Unicode char U+00DA (decimal 218)
   defining Unicode char U+00DB (decimal 219)
   defining Unicode char U+00DC (decimal 220)
   defining Unicode char U+00DD (decimal 221)
   defining Unicode char U+00DE (decimal 222)
   defining Unicode char U+00DF (decimal 223)
   defining Unicode char U+00E0 (decimal 224)
   defining Unicode char U+00E1 (decimal 225)
   defining Unicode char U+00E2 (decimal 226)
   defining Unicode char U+00E3 (decimal 227)
   defining Unicode char U+00E4 (decimal 228)
   defining Unicode char U+00E5 (decimal 229)
   defining Unicode char U+00E6 (decimal 230)
   defining Unicode char U+00E7 (decimal 231)
   defining Unicode char U+00E8 (decimal 232)
   defining Unicode char U+00E9 (decimal 233)
   defining Unicode char U+00EA (decimal 234)
   defining Unicode char U+00EB (decimal 235)
   defining Unicode char U+00EC (decimal 236)
   defining Unicode char U+00ED (decimal 237)
   defining Unicode char U+00EE (decimal 238)
   defining Unicode char U+00EF (decimal 239)
   defining Unicode char U+00F0 (decimal 240)
   defining Unicode char U+00F1 (decimal 241)
   defining Unicode char U+00F2 (decimal 242)
   defining Unicode char U+00F3 (decimal 243)
   defining Unicode char U+00F4 (decimal 244)
   defining Unicode char U+00F5 (decimal 245)
   defining Unicode char U+00F6 (decimal 246)
   defining Unicode char U+00F8 (decimal 248)
   defining Unicode char U+00F9 (decimal 249)
   defining Unicode char U+00FA (decimal 250)
   defining Unicode char U+00FB (decimal 251)
   defining Unicode char U+00FC (decimal 252)
   defining Unicode char U+00FD (decimal 253)
   defining Unicode char U+00FE (decimal 254)
   defining Unicode char U+00FF (decimal 255)
   defining Unicode char U+0102 (decimal 258)
   defining Unicode char U+0103 (decimal 259)
   defining Unicode char U+0104 (decimal 260)
   defining Unicode char U+0105 (decimal 261)
   defining Unicode char U+0106 (decimal 262)
   defining Unicode char U+0107 (decimal 263)
   defining Unicode char U+010C (decimal 268)
   defining Unicode char U+010D (decimal 269)
   defining Unicode char U+010E (decimal 270)
   defining Unicode char U+010F (decimal 271)
   defining Unicode char U+0110 (decimal 272)
   defining Unicode char U+0111 (decimal 273)
   defining Unicode char U+0118 (decimal 280)
   defining Unicode char U+0119 (decimal 281)
   defining Unicode char U+011A (decimal 282)
   defining Unicode char U+011B (decimal 283)
   defining Unicode char U+011E (decimal 286)
   defining Unicode char U+011F (decimal 287)
   defining Unicode char U+0130 (decimal 304)
   defining Unicode char U+0131 (decimal 305)
   defining Unicode char U+0132 (decimal 306)
   defining Unicode char U+0133 (decimal 307)
   defining Unicode char U+0139 (decimal 313)
   defining Unicode char U+013A (decimal 314)
   defining Unicode char U+013D (decimal 317)
   defining Unicode char U+013E (decimal 318)
   defining Unicode char U+0141 (decimal 321)
   defining Unicode char U+0142 (decimal 322)
   defining Unicode char U+0143 (decimal 323)
   defining Unicode char U+0144 (decimal 324)
   defining Unicode char U+0147 (decimal 327)
   defining Unicode char U+0148 (decimal 328)
   defining Unicode char U+014A (decimal 330)
   defining Unicode char U+014B (decimal 331)
   defining Unicode char U+0150 (decimal 336)
   defining Unicode char U+0151 (decimal 337)
   defining Unicode char U+0152 (decimal 338)
   defining Unicode char U+0153 (decimal 339)
   defining Unicode char U+0154 (decimal 340)
   defining Unicode char U+0155 (decimal 341)
   defining Unicode char U+0158 (decimal 344)
   defining Unicode char U+0159 (decimal 345)
   defining Unicode char U+015A (decimal 346)
   defining Unicode char U+015B (decimal 347)
   defining Unicode char U+015E (decimal 350)
   defining Unicode char U+015F (decimal 351)
   defining Unicode char U+0160 (decimal 352)
   defining Unicode char U+0161 (decimal 353)
   defining Unicode char U+0162 (decimal 354)
   defining Unicode char U+0163 (decimal 355)
   defining Unicode char U+0164 (decimal 356)
   defining Unicode char U+0165 (decimal 357)
   defining Unicode char U+016E (decimal 366)
   defining Unicode char U+016F (decimal 367)
   defining Unicode char U+0170 (decimal 368)
   defining Unicode char U+0171 (decimal 369)
   defining Unicode char U+0178 (decimal 376)
   defining Unicode char U+0179 (decimal 377)
   defining Unicode char U+017A (decimal 378)
   defining Unicode char U+017B (decimal 379)
   defining Unicode char U+017C (decimal 380)
   defining Unicode char U+017D (decimal 381)
   defining Unicode char U+017E (decimal 382)
   defining Unicode char U+200C (decimal 8204)
   defining Unicode char U+2013 (decimal 8211)
   defining Unicode char U+2014 (decimal 8212)
   defining Unicode char U+2018 (decimal 8216)
   defining Unicode char U+2019 (decimal 8217)
   defining Unicode char U+201A (decimal 8218)
   defining Unicode char U+201C (decimal 8220)
   defining Unicode char U+201D (decimal 8221)
   defining Unicode char U+201E (decimal 8222)
   defining Unicode char U+2030 (decimal 8240)
   defining Unicode char U+2031 (decimal 8241)
   defining Unicode char U+2039 (decimal 8249)
   defining Unicode char U+203A (decimal 8250)
   defining Unicode char U+2423 (decimal 9251)
)
Now handling font encoding OT1 ...
... processing UTF-8 mapping file for font encoding OT1

("C:\Program Files\MiKTeX 2.9\tex\latex\base\ot1enc.dfu"
File: ot1enc.dfu 2008/04/05 v1.1m UTF-8 support for inputenc
   defining Unicode char U+00A1 (decimal 161)
   defining Unicode char U+00A3 (decimal 163)
   defining Unicode char U+00B8 (decimal 184)
   defining Unicode char U+00BF (decimal 191)
   defining Unicode char U+00C5 (decimal 197)
   defining Unicode char U+00C6 (decimal 198)
   defining Unicode char U+00D8 (decimal 216)
   defining Unicode char U+00DF (decimal 223)
   defining Unicode char U+00E6 (decimal 230)
   defining Unicode char U+00EC (decimal 236)
   defining Unicode char U+00ED (decimal 237)
   defining Unicode char U+00EE (decimal 238)
   defining Unicode char U+00EF (decimal 239)
   defining Unicode char U+00F8 (decimal 248)
   defining Unicode char U+0131 (decimal 305)
   defining Unicode char U+0141 (decimal 321)
   defining Unicode char U+0142 (decimal 322)
   defining Unicode char U+0152 (decimal 338)
   defining Unicode char U+0153 (decimal 339)
   defining Unicode char U+2013 (decimal 8211)
   defining Unicode char U+2014 (decimal 8212)
   defining Unicode char U+2018 (decimal 8216)
   defining Unicode char U+2019 (decimal 8217)
   defining Unicode char U+201C (decimal 8220)
   defining Unicode char U+201D (decimal 8221)
)
Now handling font encoding OMS ...
... processing UTF-8 mapping file for font encoding OMS

("C:\Program Files\MiKTeX 2.9\tex\latex\base\omsenc.dfu"
File: omsenc.dfu 2008/04/05 v1.1m UTF-8 support for inputenc
   defining Unicode char U+00A7 (decimal 167)
   defining Unicode char U+00B6 (decimal 182)
   defining Unicode char U+00B7 (decimal 183)
   defining Unicode char U+2020 (decimal 8224)
   defining Unicode char U+2021 (decimal 8225)
   defining Unicode char U+2022 (decimal 8226)
)
Now handling font encoding OMX ...
... no UTF-8 mapping file for font encoding OMX
Now handling font encoding U ...
... no UTF-8 mapping file for font encoding U
Now handling font encoding OT4 ...
... no UTF-8 mapping file for font encoding OT4
   defining Unicode char U+00A9 (decimal 169)
   defining Unicode char U+00AA (decimal 170)
   defining Unicode char U+00AE (decimal 174)
   defining Unicode char U+00BA (decimal 186)
   defining Unicode char U+02C6 (decimal 710)
   defining Unicode char U+02DC (decimal 732)
   defining Unicode char U+200C (decimal 8204)
   defining Unicode char U+2026 (decimal 8230)
   defining Unicode char U+2122 (decimal 8482)
   defining Unicode char U+2423 (decimal 9251)
))
("C:\Program Files\MiKTeX 2.9\tex\latex\graphics\color.sty"
Package: color 2005/11/14 v1.0j Standard LaTeX Color (DPC)

("C:\Program Files\MiKTeX 2.9\tex\latex\00miktex\color.cfg"
File: color.cfg 2007/01/18 v1.5 color configuration of teTeX/TeXLive
)
Package color Info: Driver file: pdftex.def on input line 130.

("C:\Program Files\MiKTeX 2.9\tex\latex\pdftex-def\pdftex.def"
File: pdftex.def 2011/05/27 v0.06d Graphics/color for pdfTeX

("C:\Program Files\MiKTeX 2.9\tex\generic\oberdiek\infwarerr.sty"
Package: infwarerr 2010/04/08 v1.3 Providing info/warning/error messages (HO)
)
("C:\Program Files\MiKTeX 2.9\tex\generic\oberdiek\ltxcmds.sty"
Package: ltxcmds 2011/11/09 v1.22 LaTeX kernel commands for general use (HO)
)
\Gread@gobject=\count87
))
("C:\Program Files\MiKTeX 2.9\tex\latex\graphics\graphicx.sty"
Package: graphicx 1999/02/16 v1.0f Enhanced LaTeX Graphics (DPC,SPQR)

("C:\Program Files\MiKTeX 2.9\tex\latex\graphics\keyval.sty"
Package: keyval 1999/03/16 v1.13 key=value parser (DPC)
\KV@toks@=\toks16
)
("C:\Program Files\MiKTeX 2.9\tex\latex\graphics\graphics.sty"
Package: graphics 2009/02/05 v1.0o Standard LaTeX Graphics (DPC,SPQR)

("C:\Program Files\MiKTeX 2.9\tex\latex\graphics\trig.sty"
Package: trig 1999/03/16 v1.09 sin cos tan (DPC)
)
("C:\Program Files\MiKTeX 2.9\tex\latex\00miktex\graphics.cfg"
File: graphics.cfg 2007/01/18 v1.5 graphics configuration of teTeX/TeXLive
)
Package graphics Info: Driver file: pdftex.def on input line 91.
)
\Gin@req@height=\dimen103
\Gin@req@width=\dimen104
)
("C:\Program Files\MiKTeX 2.9\tex\latex\xcolor\xcolor.sty"
Package: xcolor 2007/01/21 v2.11 LaTeX color extensions (UK)

("C:\Program Files\MiKTeX 2.9\tex\latex\00miktex\color.cfg"
File: color.cfg 2007/01/18 v1.5 color configuration of teTeX/TeXLive
)
Package xcolor Info: Driver file: pdftex.def on input line 225.
LaTeX Info: Redefining \color on input line 702.
Package xcolor Info: Model `cmy' substituted by `cmy0' on input line 1337.
Package xcolor Info: Model `hsb' substituted by `rgb' on input line 1341.
Package xcolor Info: Model `RGB' extended on input line 1353.
Package xcolor Info: Model `HTML' substituted by `rgb' on input line 1355.
Package xcolor Info: Model `Hsb' substituted by `hsb' on input line 1356.
Package xcolor Info: Model `tHsb' substituted by `hsb' on input line 1357.
Package xcolor Info: Model `HSB' substituted by `hsb' on input line 1358.
Package xcolor Info: Model `Gray' substituted by `gray' on input line 1359.
Package xcolor Info: Model `wave' substituted by `hsb' on input line 1360.

("C:\Program Files\MiKTeX 2.9\tex\latex\graphics\dvipsnam.def"
File: dvipsnam.def 1999/02/16 v3.0i Driver-dependant file (DPC,SPQR)
))
("C:\Program Files\MiKTeX 2.9\tex\latex\rotating\rotating.sty"
Package: rotating 2009/03/28 v2.16a rotated objects in LaTeX

("C:\Program Files\MiKTeX 2.9\tex\latex\base\ifthen.sty"
Package: ifthen 2001/05/26 v1.1c Standard LaTeX ifthen package (DPC)
)
\c@r@tfl@t=\count88
\rotFPtop=\skip43
\rotFPbot=\skip44
\rot@float@box=\box26
\rot@mess@toks=\toks17
)
("C:\Program Files\MiKTeX 2.9\tex\latex\amsmath\amsmath.sty"
Package: amsmath 2013/01/14 v2.14 AMS math features
\@mathmargin=\skip45

For additional information on amsmath, use the `?' option.
("C:\Program Files\MiKTeX 2.9\tex\latex\amsmath\amstext.sty"
Package: amstext 2000/06/29 v2.01

("C:\Program Files\MiKTeX 2.9\tex\latex\amsmath\amsgen.sty"
File: amsgen.sty 1999/11/30 v2.0
\@emptytoks=\toks18
\ex@=\dimen105
))
("C:\Program Files\MiKTeX 2.9\tex\latex\amsmath\amsbsy.sty"
Package: amsbsy 1999/11/29 v1.2d
\pmbraise@=\dimen106
)
("C:\Program Files\MiKTeX 2.9\tex\latex\amsmath\amsopn.sty"
Package: amsopn 1999/12/14 v2.01 operator names
)
\inf@bad=\count89
LaTeX Info: Redefining \frac on input line 210.
\uproot@=\count90
\leftroot@=\count91
LaTeX Info: Redefining \overline on input line 306.
\classnum@=\count92
\DOTSCASE@=\count93
LaTeX Info: Redefining \ldots on input line 378.
LaTeX Info: Redefining \dots on input line 381.
LaTeX Info: Redefining \cdots on input line 466.
\Mathstrutbox@=\box27
\strutbox@=\box28
\big@size=\dimen107
LaTeX Font Info:    Redeclaring font encoding OML on input line 566.
LaTeX Font Info:    Redeclaring font encoding OMS on input line 567.
\macc@depth=\count94
\c@MaxMatrixCols=\count95
\dotsspace@=\muskip10
\c@parentequation=\count96
\dspbrk@lvl=\count97
\tag@help=\toks19
\row@=\count98
\column@=\count99
\maxfields@=\count100
\andhelp@=\toks20
\eqnshift@=\dimen108
\alignsep@=\dimen109
\tagshift@=\dimen110
\tagwidth@=\dimen111
\totwidth@=\dimen112
\lineht@=\dimen113
\@envbody=\toks21
\multlinegap=\skip46
\multlinetaggap=\skip47
\mathdisplay@stack=\toks22
LaTeX Info: Redefining \[ on input line 2665.
LaTeX Info: Redefining \] on input line 2666.
)
("C:\Program Files\MiKTeX 2.9\tex\latex\caption\caption.sty"
Package: caption 2013/05/02 v3.3-89 Customizing captions (AR)

("C:\Program Files\MiKTeX 2.9\tex\latex\caption\caption3.sty"
Package: caption3 2013/05/02 v1.6-88 caption3 kernel (AR)
Package caption3 Info: TeX engine: e-TeX on input line 57.
\captionmargin=\dimen114
\captionmargin@=\dimen115
\captionwidth=\dimen116
\caption@tempdima=\dimen117
\caption@indent=\dimen118
\caption@parindent=\dimen119
\caption@hangindent=\dimen120
)
\c@ContinuedFloat=\count101
Package caption Info: rotating package is loaded.
)
("C:\Program Files\MiKTeX 2.9\tex\latex\subfig\subfig.sty"
Package: subfig 2005/06/28 ver: 1.3 subfig package
\c@KVtest=\count102
\sf@farskip=\skip48
\sf@captopadj=\dimen121
\sf@capskip=\skip49
\sf@nearskip=\skip50
\c@subfigure=\count103
\c@subfigure@save=\count104
\c@lofdepth=\count105
\c@subtable=\count106
\c@subtable@save=\count107
\c@lotdepth=\count108
\sf@top=\skip51
\sf@bottom=\skip52
)
("C:\Program Files\MiKTeX 2.9\tex\latex\xstring\xstring.sty"
("C:\Program Files\MiKTeX 2.9\tex\generic\xstring\xstring.tex"
\@xs@message=\write3
\integerpart=\count109
\decimalpart=\count110
)
Package: xstring 2013/10/13  v1.7c  String manipulations (C Tellechea)
)
("C:\Program Files\MiKTeX 2.9\tex\latex\wasysym\wasysym.sty"
Package: wasysym 2003/10/30 v2.0 Wasy-2 symbol support package
\symwasy=\mathgroup4
LaTeX Font Info:    Overwriting symbol font `wasy' in version `bold'
(Font)                  U/wasy/m/n --> U/wasy/b/n on input line 90.
)
("C:\Program Files\MiKTeX 2.9\tex\latex\mnsymbol\MnSymbol.sty"
Package: MnSymbol 2007/01/21 v1.4 support for the MnSymbol font

("C:\Program Files\MiKTeX 2.9\tex\latex\base\textcomp.sty"
Package: textcomp 2005/09/27 v1.99g Standard LaTeX package
Package textcomp Info: Sub-encoding information:
(textcomp)               5 = only ISO-Adobe without \textcurrency
(textcomp)               4 = 5 + \texteuro
(textcomp)               3 = 4 + \textohm
(textcomp)               2 = 3 + \textestimated + \textcurrency
(textcomp)               1 = TS1 - \textcircled - \t
(textcomp)               0 = TS1 (full)
(textcomp)             Font families with sub-encoding setting implement
(textcomp)             only a restricted character set as indicated.
(textcomp)             Family '?' is the default used for unknown fonts.
(textcomp)             See the documentation for details.
Package textcomp Info: Setting ? sub-encoding to TS1/1 on input line 71.

("C:\Program Files\MiKTeX 2.9\tex\latex\base\ts1enc.def"
File: ts1enc.def 2001/06/05 v3.0e (jk/car/fm) Standard LaTeX file
Now handling font encoding TS1 ...
... processing UTF-8 mapping file for font encoding TS1

("C:\Program Files\MiKTeX 2.9\tex\latex\base\ts1enc.dfu"
File: ts1enc.dfu 2008/04/05 v1.1m UTF-8 support for inputenc
   defining Unicode char U+00A2 (decimal 162)
   defining Unicode char U+00A3 (decimal 163)
   defining Unicode char U+00A4 (decimal 164)
   defining Unicode char U+00A5 (decimal 165)
   defining Unicode char U+00A6 (decimal 166)
   defining Unicode char U+00A7 (decimal 167)
   defining Unicode char U+00A8 (decimal 168)
   defining Unicode char U+00A9 (decimal 169)
   defining Unicode char U+00AA (decimal 170)
   defining Unicode char U+00AC (decimal 172)
   defining Unicode char U+00AE (decimal 174)
   defining Unicode char U+00AF (decimal 175)
   defining Unicode char U+00B0 (decimal 176)
   defining Unicode char U+00B1 (decimal 177)
   defining Unicode char U+00B2 (decimal 178)
   defining Unicode char U+00B3 (decimal 179)
   defining Unicode char U+00B4 (decimal 180)
   defining Unicode char U+00B5 (decimal 181)
   defining Unicode char U+00B6 (decimal 182)
   defining Unicode char U+00B7 (decimal 183)
   defining Unicode char U+00B9 (decimal 185)
   defining Unicode char U+00BA (decimal 186)
   defining Unicode char U+00BC (decimal 188)
   defining Unicode char U+00BD (decimal 189)
   defining Unicode char U+00BE (decimal 190)
   defining Unicode char U+00D7 (decimal 215)
   defining Unicode char U+00F7 (decimal 247)
   defining Unicode char U+0192 (decimal 402)
   defining Unicode char U+02C7 (decimal 711)
   defining Unicode char U+02D8 (decimal 728)
   defining Unicode char U+02DD (decimal 733)
   defining Unicode char U+0E3F (decimal 3647)
   defining Unicode char U+2016 (decimal 8214)
   defining Unicode char U+2020 (decimal 8224)
   defining Unicode char U+2021 (decimal 8225)
   defining Unicode char U+2022 (decimal 8226)
   defining Unicode char U+2030 (decimal 8240)
   defining Unicode char U+2031 (decimal 8241)
   defining Unicode char U+203B (decimal 8251)
   defining Unicode char U+203D (decimal 8253)
   defining Unicode char U+2044 (decimal 8260)
   defining Unicode char U+204E (decimal 8270)
   defining Unicode char U+2052 (decimal 8274)
   defining Unicode char U+20A1 (decimal 8353)
   defining Unicode char U+20A4 (decimal 8356)
   defining Unicode char U+20A6 (decimal 8358)
   defining Unicode char U+20A9 (decimal 8361)
   defining Unicode char U+20AB (decimal 8363)
   defining Unicode char U+20AC (decimal 8364)
   defining Unicode char U+20B1 (decimal 8369)
   defining Unicode char U+2103 (decimal 8451)
   defining Unicode char U+2116 (decimal 8470)
   defining Unicode char U+2117 (decimal 8471)
   defining Unicode char U+211E (decimal 8478)
   defining Unicode char U+2120 (decimal 8480)
   defining Unicode char U+2122 (decimal 8482)
   defining Unicode char U+2126 (decimal 8486)
   defining Unicode char U+2127 (decimal 8487)
   defining Unicode char U+212E (decimal 8494)
   defining Unicode char U+2190 (decimal 8592)
   defining Unicode char U+2191 (decimal 8593)
   defining Unicode char U+2192 (decimal 8594)
   defining Unicode char U+2193 (decimal 8595)
   defining Unicode char U+2329 (decimal 9001)
   defining Unicode char U+232A (decimal 9002)
   defining Unicode char U+2422 (decimal 9250)
   defining Unicode char U+25E6 (decimal 9702)
   defining Unicode char U+25EF (decimal 9711)
   defining Unicode char U+266A (decimal 9834)
))
LaTeX Info: Redefining \oldstylenums on input line 266.
Package textcomp Info: Setting cmr sub-encoding to TS1/0 on input line 281.
Package textcomp Info: Setting cmss sub-encoding to TS1/0 on input line 282.
Package textcomp Info: Setting cmtt sub-encoding to TS1/0 on input line 283.
Package textcomp Info: Setting cmvtt sub-encoding to TS1/0 on input line 284.
Package textcomp Info: Setting cmbr sub-encoding to TS1/0 on input line 285.
Package textcomp Info: Setting cmtl sub-encoding to TS1/0 on input line 286.
Package textcomp Info: Setting ccr sub-encoding to TS1/0 on input line 287.
Package textcomp Info: Setting ptm sub-encoding to TS1/4 on input line 288.
Package textcomp Info: Setting pcr sub-encoding to TS1/4 on input line 289.
Package textcomp Info: Setting phv sub-encoding to TS1/4 on input line 290.
Package textcomp Info: Setting ppl sub-encoding to TS1/3 on input line 291.
Package textcomp Info: Setting pag sub-encoding to TS1/4 on input line 292.
Package textcomp Info: Setting pbk sub-encoding to TS1/4 on input line 293.
Package textcomp Info: Setting pnc sub-encoding to TS1/4 on input line 294.
Package textcomp Info: Setting pzc sub-encoding to TS1/4 on input line 295.
Package textcomp Info: Setting bch sub-encoding to TS1/4 on input line 296.
Package textcomp Info: Setting put sub-encoding to TS1/5 on input line 297.
Package textcomp Info: Setting uag sub-encoding to TS1/5 on input line 298.
Package textcomp Info: Setting ugq sub-encoding to TS1/5 on input line 299.
Package textcomp Info: Setting ul8 sub-encoding to TS1/4 on input line 300.
Package textcomp Info: Setting ul9 sub-encoding to TS1/4 on input line 301.
Package textcomp Info: Setting augie sub-encoding to TS1/5 on input line 302.
Package textcomp Info: Setting dayrom sub-encoding to TS1/3 on input line 303.
Package textcomp Info: Setting dayroms sub-encoding to TS1/3 on input line 304.

Package textcomp Info: Setting pxr sub-encoding to TS1/0 on input line 305.
Package textcomp Info: Setting pxss sub-encoding to TS1/0 on input line 306.
Package textcomp Info: Setting pxtt sub-encoding to TS1/0 on input line 307.
Package textcomp Info: Setting txr sub-encoding to TS1/0 on input line 308.
Package textcomp Info: Setting txss sub-encoding to TS1/0 on input line 309.
Package textcomp Info: Setting txtt sub-encoding to TS1/0 on input line 310.
Package textcomp Info: Setting lmr sub-encoding to TS1/0 on input line 311.
Package textcomp Info: Setting lmdh sub-encoding to TS1/0 on input line 312.
Package textcomp Info: Setting lmss sub-encoding to TS1/0 on input line 313.
Package textcomp Info: Setting lmssq sub-encoding to TS1/0 on input line 314.
Package textcomp Info: Setting lmvtt sub-encoding to TS1/0 on input line 315.
Package textcomp Info: Setting qhv sub-encoding to TS1/0 on input line 316.
Package textcomp Info: Setting qag sub-encoding to TS1/0 on input line 317.
Package textcomp Info: Setting qbk sub-encoding to TS1/0 on input line 318.
Package textcomp Info: Setting qcr sub-encoding to TS1/0 on input line 319.
Package textcomp Info: Setting qcs sub-encoding to TS1/0 on input line 320.
Package textcomp Info: Setting qpl sub-encoding to TS1/0 on input line 321.
Package textcomp Info: Setting qtm sub-encoding to TS1/0 on input line 322.
Package textcomp Info: Setting qzc sub-encoding to TS1/0 on input line 323.
Package textcomp Info: Setting qhvc sub-encoding to TS1/0 on input line 324.
Package textcomp Info: Setting futs sub-encoding to TS1/4 on input line 325.
Package textcomp Info: Setting futx sub-encoding to TS1/4 on input line 326.
Package textcomp Info: Setting futj sub-encoding to TS1/4 on input line 327.
Package textcomp Info: Setting hlh sub-encoding to TS1/3 on input line 328.
Package textcomp Info: Setting hls sub-encoding to TS1/3 on input line 329.
Package textcomp Info: Setting hlst sub-encoding to TS1/3 on input line 330.
Package textcomp Info: Setting hlct sub-encoding to TS1/5 on input line 331.
Package textcomp Info: Setting hlx sub-encoding to TS1/5 on input line 332.
Package textcomp Info: Setting hlce sub-encoding to TS1/5 on input line 333.
Package textcomp Info: Setting hlcn sub-encoding to TS1/5 on input line 334.
Package textcomp Info: Setting hlcw sub-encoding to TS1/5 on input line 335.
Package textcomp Info: Setting hlcf sub-encoding to TS1/5 on input line 336.
Package textcomp Info: Setting pplx sub-encoding to TS1/3 on input line 337.
Package textcomp Info: Setting pplj sub-encoding to TS1/3 on input line 338.
Package textcomp Info: Setting ptmx sub-encoding to TS1/4 on input line 339.
Package textcomp Info: Setting ptmj sub-encoding to TS1/4 on input line 340.
)
("C:\Program Files\MiKTeX 2.9\tex\latex\amsfonts\eufrak.sty"
Package: eufrak 2009/06/22 v3.00 Euler Fraktur fonts
LaTeX Font Info:    Overwriting math alphabet `\EuFrak' in version `bold'
(Font)                  U/euf/m/n --> U/euf/b/n on input line 39.
)
LaTeX Info: Redefining \dagger on input line 84.
LaTeX Info: Redefining \ddagger on input line 84.
LaTeX Info: Redefining \mathparagraph on input line 84.
LaTeX Info: Redefining \mathsection on input line 84.
LaTeX Info: Redefining \mathdollar on input line 84.
LaTeX Info: Redefining \mathsterling on input line 84.
LaTeX Info: Redefining \Re on input line 84.
LaTeX Info: Redefining \Im on input line 84.
\symMnSyA=\mathgroup5
\symMnSyB=\mathgroup6
\symMnSyC=\mathgroup7
\symMnSyD=\mathgroup8
LaTeX Font Info:    Redeclaring symbol font `largesymbols' on input line 119.
LaTeX Font Info:    Overwriting symbol font `largesymbols' in version `normal'
(Font)                  OMX/plex/m/n --> OMX/MnSymbolE/m/n on input line 119.
LaTeX Font Info:    Overwriting symbol font `largesymbols' in version `bold'
(Font)                  OMX/cmex/m/n --> OMX/MnSymbolE/m/n on input line 119.
LaTeX Font Info:    Redeclaring symbol font `symbols' on input line 120.
LaTeX Font Info:    Encoding `OMS' has changed to `U' for symbol font
(Font)              `symbols' in the math version `normal' on input line 120.
LaTeX Font Info:    Overwriting symbol font `symbols' in version `normal'
(Font)                  OMS/plsy/m/n --> U/MnSymbolF/m/n on input line 120.
LaTeX Font Info:    Encoding `OMS' has changed to `U' for symbol font
(Font)              `symbols' in the math version `bold' on input line 120.
LaTeX Font Info:    Overwriting symbol font `symbols' in version `bold'
(Font)                  OMS/plsy/b/n --> U/MnSymbolF/m/n on input line 120.
LaTeX Font Info:    Overwriting symbol font `MnSyA' in version `bold'
(Font)                  U/MnSymbolA/m/n --> U/MnSymbolA/b/n on input line 121.
LaTeX Font Info:    Overwriting symbol font `MnSyB' in version `bold'
(Font)                  U/MnSymbolB/m/n --> U/MnSymbolB/b/n on input line 122.
LaTeX Font Info:    Overwriting symbol font `MnSyC' in version `bold'
(Font)                  U/MnSymbolC/m/n --> U/MnSymbolC/b/n on input line 123.
LaTeX Font Info:    Overwriting symbol font `MnSyD' in version `bold'
(Font)                  U/MnSymbolD/m/n --> U/MnSymbolD/b/n on input line 124.
LaTeX Font Info:    Overwriting symbol font `largesymbols' in version `bold'
(Font)                  OMX/MnSymbolE/m/n --> OMX/MnSymbolE/b/n on input line 1
25.
LaTeX Font Info:    Overwriting symbol font `symbols' in version `bold'
(Font)                  U/MnSymbolF/m/n --> U/MnSymbolF/b/n on input line 126.
LaTeX Font Info:    Redeclaring math alphabet \mathcal on input line 241.
LaTeX Font Info:    Overwriting math alphabet `\mathcal' in version `bold'
(Font)                  OMS/MnSymbolS/m/n --> OMS/MnSymbolS/b/n on input line 2
41.
LaTeX Info: Redefining \longrightarrow on input line 548.
LaTeX Info: Redefining \longleftarrow on input line 549.
LaTeX Info: Redefining \longleftrightarrow on input line 550.
LaTeX Info: Redefining \Longrightarrow on input line 551.
LaTeX Info: Redefining \Longleftarrow on input line 552.
LaTeX Info: Redefining \Longleftrightarrow on input line 553.
LaTeX Info: Redefining \longmapsto on input line 554.
LaTeX Info: Redefining \vdots on input line 868.
LaTeX Font Info:    Redeclaring math symbol \braceld on input line 1721.
LaTeX Font Info:    Redeclaring math symbol \bracelu on input line 1722.
LaTeX Font Info:    Redeclaring math symbol \bracerd on input line 1723.
LaTeX Font Info:    Redeclaring math symbol \braceru on input line 1724.
LaTeX Info: Redefining \downbracefill on input line 1799.
LaTeX Info: Redefining \upbracefill on input line 1800.
LaTeX Info: Redefining \overbrace on input line 1819.
LaTeX Info: Redefining \underbrace on input line 1820.
LaTeX Info: Redefining \surd on input line 1843.
LaTeX Font Info:    Redeclaring math accent \widehat on input line 1845.
LaTeX Font Info:    Redeclaring math accent \widetilde on input line 1846.
LaTeX Font Info:    Redeclaring math accent \vec on input line 1848.
)
(C:\Users\Mateusz\Desktop\repozytoria\MSI-2\python\bbob_pproc\ppdata/bbob_pproc
_commands.tex)
(C:\Users\Mateusz\Desktop\repozytoria\MSI-2\python\bbob_pproc\template1generic.
aux)
LaTeX Font Info:    Checking defaults for OML/cmm/m/it on input line 57.
LaTeX Font Info:    ... okay on input line 57.
LaTeX Font Info:    Checking defaults for T1/cmr/m/n on input line 57.
LaTeX Font Info:    ... okay on input line 57.
LaTeX Font Info:    Checking defaults for OT1/cmr/m/n on input line 57.
LaTeX Font Info:    ... okay on input line 57.
LaTeX Font Info:    Checking defaults for OMS/cmsy/m/n on input line 57.
LaTeX Font Info:    ... okay on input line 57.
LaTeX Font Info:    Checking defaults for OMX/cmex/m/n on input line 57.
LaTeX Font Info:    ... okay on input line 57.
LaTeX Font Info:    Checking defaults for U/cmr/m/n on input line 57.
LaTeX Font Info:    ... okay on input line 57.
LaTeX Font Info:    Checking defaults for OT4/cmr/m/n on input line 57.
LaTeX Font Info:    ... okay on input line 57.
LaTeX Font Info:    Checking defaults for TS1/cmr/m/n on input line 57.
LaTeX Font Info:    Try loading font information for TS1+cmr on input line 57.
 ("C:\Program Files\MiKTeX 2.9\tex\latex\base\ts1cmr.fd"
File: ts1cmr.fd 1999/05/25 v2.5h Standard LaTeX font definitions
)
LaTeX Font Info:    ... okay on input line 57.

("C:\Program Files\MiKTeX 2.9\tex\context\base\supp-pdf.mkii"
[Loading MPS to PDF converter (version 2006.09.02).]
\scratchcounter=\count111
\scratchdimen=\dimen122
\scratchbox=\box29
\nofMPsegments=\count112
\nofMParguments=\count113
\everyMPshowfont=\toks23
\MPscratchCnt=\count114
\MPscratchDim=\dimen123
\MPnumerator=\count115
\makeMPintoPDFobject=\count116
\everyMPtoPDFconversion=\toks24
)
Package caption Info: Begin \AtBeginDocument code.
Package caption Info: subfig package v1.3 is loaded.
Package caption Info: End \AtBeginDocument code.
LaTeX Font Info:    Try loading font information for OML+plm on input line 59.
 ("C:\Program Files\MiKTeX 2.9\tex\latex\polski\omlplm.fd"
File: omlplm.fd 2008/02/24 v1.2.1 Font defs for fonts PL (MW)
)
LaTeX Font Info:    Try loading font information for U+wasy on input line 59.

("C:\Program Files\MiKTeX 2.9\tex\latex\wasysym\uwasy.fd"
File: uwasy.fd 2003/10/30 v2.0 Wasy-2 symbol font definitions
)
LaTeX Font Info:    Try loading font information for OMS+cmr on input line 77.

("C:\Program Files\MiKTeX 2.9\tex\latex\base\omscmr.fd"
File: omscmr.fd 1999/05/25 v2.5h Standard LaTeX font definitions
)
LaTeX Font Info:    Font shape `OMS/cmr/m/it' in size <10> not available
(Font)              Font shape `OMS/cmsy/m/n' tried instead on input line 77.

Underfull \hbox (badness 10000) in paragraph at lines 65--83

 []


Underfull \hbox (badness 10000) in paragraph at lines 65--83

 []


Underfull \hbox (badness 10000) in paragraph at lines 65--83

 []

[1

{C:/ProgramData/MiKTeX/2.9/pdftex/config/pdftex.map}]
Underfull \hbox (badness 10000) in paragraph at lines 95--148

 []


Underfull \hbox (badness 10000) in paragraph at lines 95--148

 []

[2] [3] [4]
Underfull \hbox (badness 10000) in paragraph at lines 174--178

 []

<ppdata/pprldistr_05D_noiselessall.pdf, id=31, 578.16pt x 433.62pt>
File: ppdata/pprldistr_05D_noiselessall.pdf Graphic file (type pdf)

<use ppdata/pprldistr_05D_noiselessall.pdf>
Package pdftex.def Info: ppdata/pprldistr_05D_noiselessall.pdf used on input li
ne 185.
(pdftex.def)             Requested size: 182.15996pt x 137.59186pt.

<ppdata/ppfvdistr_05D_noiselessall.pdf, id=33, 578.16pt x 433.62pt>
File: ppdata/ppfvdistr_05D_noiselessall.pdf Graphic file (type pdf)

<use ppdata/ppfvdistr_05D_noiselessall.pdf>
Package pdftex.def Info: ppdata/ppfvdistr_05D_noiselessall.pdf used on input li
ne 186.
(pdftex.def)             Requested size: 158.70232pt x 137.49979pt.

<ppdata/pprldistr_20D_noiselessall.pdf, id=35, 578.16pt x 433.62pt>
File: ppdata/pprldistr_20D_noiselessall.pdf Graphic file (type pdf)

<use ppdata/pprldistr_20D_noiselessall.pdf>
Package pdftex.def Info: ppdata/pprldistr_20D_noiselessall.pdf used on input li
ne 187.
(pdftex.def)             Requested size: 182.15996pt x 137.59186pt.

<ppdata/ppfvdistr_20D_noiselessall.pdf, id=37, 578.16pt x 433.62pt>
File: ppdata/ppfvdistr_20D_noiselessall.pdf Graphic file (type pdf)

<use ppdata/ppfvdistr_20D_noiselessall.pdf>
Package pdftex.def Info: ppdata/ppfvdistr_20D_noiselessall.pdf used on input li
ne 188.
(pdftex.def)             Requested size: 158.70232pt x 137.49979pt.
LaTeX Font Info:    Try loading font information for OT4+cmss on input line 190
.

("C:\Program Files\MiKTeX 2.9\tex\latex\polski\ot4cmss.fd"
File: ot4cmss.fd 2008/02/24 v1.2.1 Font defs for fonts PL (MW)
)
<ppdata/pprldistr_05D_separ.pdf, id=39, 578.16pt x 433.62pt>
File: ppdata/pprldistr_05D_separ.pdf Graphic file (type pdf)

<use ppdata/pprldistr_05D_separ.pdf>
Package pdftex.def Info: ppdata/pprldistr_05D_separ.pdf used on input line 198.

(pdftex.def)             Requested size: 141.45126pt x 101.17496pt.

<ppdata/ppfvdistr_05D_separ.pdf, id=41, 578.16pt x 433.62pt>
File: ppdata/ppfvdistr_05D_separ.pdf Graphic file (type pdf)

<use ppdata/ppfvdistr_05D_separ.pdf>
Package pdftex.def Info: ppdata/ppfvdistr_05D_separ.pdf used on input line 199.

(pdftex.def)             Requested size: 123.47374pt x 101.30286pt.

<ppdata/pprldistr_05D_lcond.pdf, id=43, 578.16pt x 433.62pt>
File: ppdata/pprldistr_05D_lcond.pdf Graphic file (type pdf)

<use ppdata/pprldistr_05D_lcond.pdf>
Package pdftex.def Info: ppdata/pprldistr_05D_lcond.pdf used on input line 202.

(pdftex.def)             Requested size: 141.45126pt x 101.17496pt.

<ppdata/ppfvdistr_05D_lcond.pdf, id=45, 578.16pt x 433.62pt>
File: ppdata/ppfvdistr_05D_lcond.pdf Graphic file (type pdf)

<use ppdata/ppfvdistr_05D_lcond.pdf>
Package pdftex.def Info: ppdata/ppfvdistr_05D_lcond.pdf used on input line 203.

(pdftex.def)             Requested size: 123.47374pt x 101.30286pt.

<ppdata/pprldistr_05D_hcond.pdf, id=47, 578.16pt x 433.62pt>
File: ppdata/pprldistr_05D_hcond.pdf Graphic file (type pdf)

<use ppdata/pprldistr_05D_hcond.pdf>
Package pdftex.def Info: ppdata/pprldistr_05D_hcond.pdf used on input line 206.

(pdftex.def)             Requested size: 141.45126pt x 101.17496pt.

<ppdata/ppfvdistr_05D_hcond.pdf, id=49, 578.16pt x 433.62pt>
File: ppdata/ppfvdistr_05D_hcond.pdf Graphic file (type pdf)

<use ppdata/ppfvdistr_05D_hcond.pdf>
Package pdftex.def Info: ppdata/ppfvdistr_05D_hcond.pdf used on input line 207.

(pdftex.def)             Requested size: 123.47374pt x 101.30286pt.

<ppdata/pprldistr_05D_multi.pdf, id=51, 578.16pt x 433.62pt>
File: ppdata/pprldistr_05D_multi.pdf Graphic file (type pdf)

<use ppdata/pprldistr_05D_multi.pdf>
Package pdftex.def Info: ppdata/pprldistr_05D_multi.pdf used on input line 210.

(pdftex.def)             Requested size: 141.45126pt x 101.17496pt.

<ppdata/ppfvdistr_05D_multi.pdf, id=53, 578.16pt x 433.62pt>
File: ppdata/ppfvdistr_05D_multi.pdf Graphic file (type pdf)

<use ppdata/ppfvdistr_05D_multi.pdf>
Package pdftex.def Info: ppdata/ppfvdistr_05D_multi.pdf used on input line 211.

(pdftex.def)             Requested size: 123.47374pt x 101.30286pt.

<ppdata/pprldistr_05D_mult2.pdf, id=55, 578.16pt x 433.62pt>
File: ppdata/pprldistr_05D_mult2.pdf Graphic file (type pdf)

<use ppdata/pprldistr_05D_mult2.pdf>
Package pdftex.def Info: ppdata/pprldistr_05D_mult2.pdf used on input line 214.

(pdftex.def)             Requested size: 141.45126pt x 106.84195pt.

<ppdata/ppfvdistr_05D_mult2.pdf, id=57, 578.16pt x 433.62pt>
File: ppdata/ppfvdistr_05D_mult2.pdf Graphic file (type pdf)

<use ppdata/ppfvdistr_05D_mult2.pdf>
Package pdftex.def Info: ppdata/ppfvdistr_05D_mult2.pdf used on input line 215.

(pdftex.def)             Requested size: 123.47374pt x 106.977pt.

<ppdata/pprldistr_20D_separ.pdf, id=59, 578.16pt x 433.62pt>
File: ppdata/pprldistr_20D_separ.pdf Graphic file (type pdf)

<use ppdata/pprldistr_20D_separ.pdf>
Package pdftex.def Info: ppdata/pprldistr_20D_separ.pdf used on input line 245.

(pdftex.def)             Requested size: 141.45126pt x 101.17496pt.

<ppdata/ppfvdistr_20D_separ.pdf, id=61, 578.16pt x 433.62pt>
File: ppdata/ppfvdistr_20D_separ.pdf Graphic file (type pdf)

<use ppdata/ppfvdistr_20D_separ.pdf>
Package pdftex.def Info: ppdata/ppfvdistr_20D_separ.pdf used on input line 246.

(pdftex.def)             Requested size: 123.47374pt x 101.30286pt.

<ppdata/pprldistr_20D_lcond.pdf, id=63, 578.16pt x 433.62pt>
File: ppdata/pprldistr_20D_lcond.pdf Graphic file (type pdf)

<use ppdata/pprldistr_20D_lcond.pdf>
Package pdftex.def Info: ppdata/pprldistr_20D_lcond.pdf used on input line 249.

(pdftex.def)             Requested size: 141.45126pt x 101.17496pt.

<ppdata/ppfvdistr_20D_lcond.pdf, id=65, 578.16pt x 433.62pt>
File: ppdata/ppfvdistr_20D_lcond.pdf Graphic file (type pdf)

<use ppdata/ppfvdistr_20D_lcond.pdf>
Package pdftex.def Info: ppdata/ppfvdistr_20D_lcond.pdf used on input line 250.

(pdftex.def)             Requested size: 123.47374pt x 101.30286pt.

<ppdata/pprldistr_20D_hcond.pdf, id=67, 578.16pt x 433.62pt>
File: ppdata/pprldistr_20D_hcond.pdf Graphic file (type pdf)

<use ppdata/pprldistr_20D_hcond.pdf>
Package pdftex.def Info: ppdata/pprldistr_20D_hcond.pdf used on input line 253.

(pdftex.def)             Requested size: 141.45126pt x 101.17496pt.

<ppdata/ppfvdistr_20D_hcond.pdf, id=69, 578.16pt x 433.62pt>
File: ppdata/ppfvdistr_20D_hcond.pdf Graphic file (type pdf)

<use ppdata/ppfvdistr_20D_hcond.pdf>
Package pdftex.def Info: ppdata/ppfvdistr_20D_hcond.pdf used on input line 254.

(pdftex.def)             Requested size: 123.47374pt x 101.30286pt.

<ppdata/pprldistr_20D_multi.pdf, id=71, 578.16pt x 433.62pt>
File: ppdata/pprldistr_20D_multi.pdf Graphic file (type pdf)

<use ppdata/pprldistr_20D_multi.pdf>
Package pdftex.def Info: ppdata/pprldistr_20D_multi.pdf used on input line 257.

(pdftex.def)             Requested size: 141.45126pt x 101.17496pt.

<ppdata/ppfvdistr_20D_multi.pdf, id=73, 578.16pt x 433.62pt>
File: ppdata/ppfvdistr_20D_multi.pdf Graphic file (type pdf)

<use ppdata/ppfvdistr_20D_multi.pdf>
Package pdftex.def Info: ppdata/ppfvdistr_20D_multi.pdf used on input line 258.

(pdftex.def)             Requested size: 123.47374pt x 101.30286pt.

<ppdata/pprldistr_20D_mult2.pdf, id=75, 578.16pt x 433.62pt>
File: ppdata/pprldistr_20D_mult2.pdf Graphic file (type pdf)

<use ppdata/pprldistr_20D_mult2.pdf>
Package pdftex.def Info: ppdata/pprldistr_20D_mult2.pdf used on input line 261.

(pdftex.def)             Requested size: 141.45126pt x 106.84195pt.

<ppdata/ppfvdistr_20D_mult2.pdf, id=77, 578.16pt x 433.62pt>
File: ppdata/ppfvdistr_20D_mult2.pdf Graphic file (type pdf)

<use ppdata/ppfvdistr_20D_mult2.pdf>
Package pdftex.def Info: ppdata/ppfvdistr_20D_mult2.pdf used on input line 262.

(pdftex.def)             Requested size: 123.47374pt x 106.977pt.

<ppdata/pplogloss_05D_noiselessall.pdf, id=79, 578.16pt x 433.62pt>
File: ppdata/pplogloss_05D_noiselessall.pdf Graphic file (type pdf)

<use ppdata/pplogloss_05D_noiselessall.pdf>
Package pdftex.def Info: ppdata/pplogloss_05D_noiselessall.pdf used on input li
ne 273.
(pdftex.def)             Requested size: 120.7521pt x 90.73523pt.

(C:\Users\Mateusz\Desktop\repozytoria\MSI-2\python\bbob_pproc\ppdata/pploglosst
able_05D_noiselessall.tex)
<ppdata/pplogloss_20D_noiselessall.pdf, id=81, 578.16pt x 433.62pt>
File: ppdata/pplogloss_20D_noiselessall.pdf Graphic file (type pdf)

<use ppdata/pplogloss_20D_noiselessall.pdf>
Package pdftex.def Info: ppdata/pplogloss_20D_noiselessall.pdf used on input li
ne 280.
(pdftex.def)             Requested size: 120.7521pt x 96.21771pt.

(C:\Users\Mateusz\Desktop\repozytoria\MSI-2\python\bbob_pproc\ppdata/pploglosst
able_20D_noiselessall.tex)
Overfull \hbox (2.85974pt too wide) in paragraph at lines 273--293
[][] 
 []

<ppdata/pplogloss_05D_separ.pdf, id=83, 578.16pt x 433.62pt>
File: ppdata/pplogloss_05D_separ.pdf Graphic file (type pdf)

<use ppdata/pplogloss_05D_separ.pdf>
Package pdftex.def Info: ppdata/pplogloss_05D_separ.pdf used on input line 306.

(pdftex.def)             Requested size: 120.7521pt x 92.79117pt.

<ppdata/pplogloss_20D_separ.pdf, id=85, 578.16pt x 433.62pt>
File: ppdata/pplogloss_20D_separ.pdf Graphic file (type pdf)

<use ppdata/pplogloss_20D_separ.pdf>
Package pdftex.def Info: ppdata/pplogloss_20D_separ.pdf used on input line 307.

(pdftex.def)             Requested size: 120.7521pt x 92.79117pt.

<ppdata/pplogloss_05D_lcond.pdf, id=87, 578.16pt x 433.62pt>
File: ppdata/pplogloss_05D_lcond.pdf Graphic file (type pdf)

<use ppdata/pplogloss_05D_lcond.pdf>
Package pdftex.def Info: ppdata/pplogloss_05D_lcond.pdf used on input line 309.

(pdftex.def)             Requested size: 120.7521pt x 92.79117pt.

<ppdata/pplogloss_20D_lcond.pdf, id=89, 578.16pt x 433.62pt>
File: ppdata/pplogloss_20D_lcond.pdf Graphic file (type pdf)

<use ppdata/pplogloss_20D_lcond.pdf>
Package pdftex.def Info: ppdata/pplogloss_20D_lcond.pdf used on input line 310.

(pdftex.def)             Requested size: 120.7521pt x 92.79117pt.

<ppdata/pplogloss_05D_hcond.pdf, id=91, 578.16pt x 433.62pt>
File: ppdata/pplogloss_05D_hcond.pdf Graphic file (type pdf)

<use ppdata/pplogloss_05D_hcond.pdf>
Package pdftex.def Info: ppdata/pplogloss_05D_hcond.pdf used on input line 312.

(pdftex.def)             Requested size: 120.7521pt x 92.79117pt.

<ppdata/pplogloss_20D_hcond.pdf, id=93, 578.16pt x 433.62pt>
File: ppdata/pplogloss_20D_hcond.pdf Graphic file (type pdf)

<use ppdata/pplogloss_20D_hcond.pdf>
Package pdftex.def Info: ppdata/pplogloss_20D_hcond.pdf used on input line 313.

(pdftex.def)             Requested size: 120.7521pt x 92.79117pt.

<ppdata/pplogloss_05D_multi.pdf, id=95, 578.16pt x 433.62pt>
File: ppdata/pplogloss_05D_multi.pdf Graphic file (type pdf)

<use ppdata/pplogloss_05D_multi.pdf>
Package pdftex.def Info: ppdata/pplogloss_05D_multi.pdf used on input line 315.

(pdftex.def)             Requested size: 120.7521pt x 92.79117pt.

<ppdata/pplogloss_20D_multi.pdf, id=97, 578.16pt x 433.62pt>
File: ppdata/pplogloss_20D_multi.pdf Graphic file (type pdf)

<use ppdata/pplogloss_20D_multi.pdf>
Package pdftex.def Info: ppdata/pplogloss_20D_multi.pdf used on input line 316.

(pdftex.def)             Requested size: 120.7521pt x 92.79117pt.

<ppdata/pplogloss_05D_mult2.pdf, id=99, 578.16pt x 433.62pt>
File: ppdata/pplogloss_05D_mult2.pdf Graphic file (type pdf)

<use ppdata/pplogloss_05D_mult2.pdf>
Package pdftex.def Info: ppdata/pplogloss_05D_mult2.pdf used on input line 318.

(pdftex.def)             Requested size: 120.7521pt x 96.21771pt.

<ppdata/pplogloss_20D_mult2.pdf, id=101, 578.16pt x 433.62pt>
File: ppdata/pplogloss_20D_mult2.pdf Graphic file (type pdf)

<use ppdata/pplogloss_20D_mult2.pdf>
Package pdftex.def Info: ppdata/pplogloss_20D_mult2.pdf used on input line 319.

(pdftex.def)             Requested size: 120.7521pt x 96.21771pt.

<ppdata/ppfigdim_f001.pdf, id=103, 578.16pt x 433.62pt>
File: ppdata/ppfigdim_f001.pdf Graphic file (type pdf)

<use ppdata/ppfigdim_f001.pdf>
Package pdftex.def Info: ppdata/ppfigdim_f001.pdf used on input line 332.
(pdftex.def)             Requested size: 86.25pt x 73.0197pt.

<ppdata/ppfigdim_f002.pdf, id=105, 578.16pt x 433.62pt>
File: ppdata/ppfigdim_f002.pdf Graphic file (type pdf)

<use ppdata/ppfigdim_f002.pdf>
Package pdftex.def Info: ppdata/ppfigdim_f002.pdf used on input line 333.
(pdftex.def)             Requested size: 86.25pt x 73.0197pt.

<ppdata/ppfigdim_f003.pdf, id=107, 578.16pt x 433.62pt>
File: ppdata/ppfigdim_f003.pdf Graphic file (type pdf)

<use ppdata/ppfigdim_f003.pdf>
Package pdftex.def Info: ppdata/ppfigdim_f003.pdf used on input line 334.
(pdftex.def)             Requested size: 86.25pt x 73.0197pt.

<ppdata/ppfigdim_f004.pdf, id=109, 578.16pt x 433.62pt>
File: ppdata/ppfigdim_f004.pdf Graphic file (type pdf)

<use ppdata/ppfigdim_f004.pdf>
Package pdftex.def Info: ppdata/ppfigdim_f004.pdf used on input line 335.
(pdftex.def)             Requested size: 86.25pt x 73.0197pt.

<ppdata/ppfigdim_f005.pdf, id=111, 578.16pt x 433.62pt>
File: ppdata/ppfigdim_f005.pdf Graphic file (type pdf)

<use ppdata/ppfigdim_f005.pdf>
Package pdftex.def Info: ppdata/ppfigdim_f005.pdf used on input line 336.
(pdftex.def)             Requested size: 86.25pt x 73.0197pt.

<ppdata/ppfigdim_f006.pdf, id=113, 578.16pt x 433.62pt>
File: ppdata/ppfigdim_f006.pdf Graphic file (type pdf)

<use ppdata/ppfigdim_f006.pdf>
Package pdftex.def Info: ppdata/ppfigdim_f006.pdf used on input line 337.
(pdftex.def)             Requested size: 86.25pt x 73.0197pt.

<ppdata/ppfigdim_f007.pdf, id=115, 578.16pt x 433.62pt>
File: ppdata/ppfigdim_f007.pdf Graphic file (type pdf)

<use ppdata/ppfigdim_f007.pdf>
Package pdftex.def Info: ppdata/ppfigdim_f007.pdf used on input line 338.
(pdftex.def)             Requested size: 86.25pt x 73.0197pt.

<ppdata/ppfigdim_f008.pdf, id=117, 578.16pt x 433.62pt>
File: ppdata/ppfigdim_f008.pdf Graphic file (type pdf)

<use ppdata/ppfigdim_f008.pdf>
Package pdftex.def Info: ppdata/ppfigdim_f008.pdf used on input line 339.
(pdftex.def)             Requested size: 86.25pt x 73.0197pt.

<ppdata/ppfigdim_f009.pdf, id=119, 578.16pt x 433.62pt>
File: ppdata/ppfigdim_f009.pdf Graphic file (type pdf)

<use ppdata/ppfigdim_f009.pdf>
Package pdftex.def Info: ppdata/ppfigdim_f009.pdf used on input line 340.
(pdftex.def)             Requested size: 86.25pt x 73.0197pt.

<ppdata/ppfigdim_f010.pdf, id=121, 578.16pt x 433.62pt>
File: ppdata/ppfigdim_f010.pdf Graphic file (type pdf)

<use ppdata/ppfigdim_f010.pdf>
Package pdftex.def Info: ppdata/ppfigdim_f010.pdf used on input line 341.
(pdftex.def)             Requested size: 86.25pt x 73.0197pt.

<ppdata/ppfigdim_f011.pdf, id=123, 578.16pt x 433.62pt>
File: ppdata/ppfigdim_f011.pdf Graphic file (type pdf)

<use ppdata/ppfigdim_f011.pdf>
Package pdftex.def Info: ppdata/ppfigdim_f011.pdf used on input line 342.
(pdftex.def)             Requested size: 86.25pt x 73.0197pt.

<ppdata/ppfigdim_f012.pdf, id=125, 578.16pt x 433.62pt>
File: ppdata/ppfigdim_f012.pdf Graphic file (type pdf)

<use ppdata/ppfigdim_f012.pdf>
Package pdftex.def Info: ppdata/ppfigdim_f012.pdf used on input line 343.
(pdftex.def)             Requested size: 86.25pt x 73.0197pt.

<ppdata/ppfigdim_f013.pdf, id=127, 578.16pt x 433.62pt>
File: ppdata/ppfigdim_f013.pdf Graphic file (type pdf)

<use ppdata/ppfigdim_f013.pdf>
Package pdftex.def Info: ppdata/ppfigdim_f013.pdf used on input line 344.
(pdftex.def)             Requested size: 86.25pt x 73.0197pt.

<ppdata/ppfigdim_f014.pdf, id=129, 578.16pt x 433.62pt>
File: ppdata/ppfigdim_f014.pdf Graphic file (type pdf)

<use ppdata/ppfigdim_f014.pdf>
Package pdftex.def Info: ppdata/ppfigdim_f014.pdf used on input line 345.
(pdftex.def)             Requested size: 86.25pt x 73.0197pt.

<ppdata/ppfigdim_f015.pdf, id=131, 578.16pt x 433.62pt>
File: ppdata/ppfigdim_f015.pdf Graphic file (type pdf)

<use ppdata/ppfigdim_f015.pdf>
Package pdftex.def Info: ppdata/ppfigdim_f015.pdf used on input line 346.
(pdftex.def)             Requested size: 86.25pt x 73.0197pt.

<ppdata/ppfigdim_f016.pdf, id=133, 578.16pt x 433.62pt>
File: ppdata/ppfigdim_f016.pdf Graphic file (type pdf)

<use ppdata/ppfigdim_f016.pdf>
Package pdftex.def Info: ppdata/ppfigdim_f016.pdf used on input line 347.
(pdftex.def)             Requested size: 86.25pt x 73.0197pt.

<ppdata/ppfigdim_f017.pdf, id=135, 578.16pt x 433.62pt>
File: ppdata/ppfigdim_f017.pdf Graphic file (type pdf)

<use ppdata/ppfigdim_f017.pdf>
Package pdftex.def Info: ppdata/ppfigdim_f017.pdf used on input line 348.
(pdftex.def)             Requested size: 86.25pt x 73.0197pt.

<ppdata/ppfigdim_f018.pdf, id=137, 578.16pt x 433.62pt>
File: ppdata/ppfigdim_f018.pdf Graphic file (type pdf)

<use ppdata/ppfigdim_f018.pdf>
Package pdftex.def Info: ppdata/ppfigdim_f018.pdf used on input line 349.
(pdftex.def)             Requested size: 86.25pt x 73.0197pt.

<ppdata/ppfigdim_f019.pdf, id=139, 578.16pt x 433.62pt>
File: ppdata/ppfigdim_f019.pdf Graphic file (type pdf)

<use ppdata/ppfigdim_f019.pdf>
Package pdftex.def Info: ppdata/ppfigdim_f019.pdf used on input line 350.
(pdftex.def)             Requested size: 86.25pt x 73.0197pt.

<ppdata/ppfigdim_f020.pdf, id=141, 578.16pt x 433.62pt>
File: ppdata/ppfigdim_f020.pdf Graphic file (type pdf)

<use ppdata/ppfigdim_f020.pdf>
Package pdftex.def Info: ppdata/ppfigdim_f020.pdf used on input line 351.
(pdftex.def)             Requested size: 86.25pt x 73.0197pt.

<ppdata/ppfigdim_f021.pdf, id=143, 578.16pt x 433.62pt>
File: ppdata/ppfigdim_f021.pdf Graphic file (type pdf)

<use ppdata/ppfigdim_f021.pdf>
Package pdftex.def Info: ppdata/ppfigdim_f021.pdf used on input line 352.
(pdftex.def)             Requested size: 86.25pt x 73.0197pt.

<ppdata/ppfigdim_f022.pdf, id=145, 578.16pt x 433.62pt>
File: ppdata/ppfigdim_f022.pdf Graphic file (type pdf)

<use ppdata/ppfigdim_f022.pdf>
Package pdftex.def Info: ppdata/ppfigdim_f022.pdf used on input line 353.
(pdftex.def)             Requested size: 86.25pt x 73.0197pt.

<ppdata/ppfigdim_f023.pdf, id=147, 578.16pt x 433.62pt>
File: ppdata/ppfigdim_f023.pdf Graphic file (type pdf)

<use ppdata/ppfigdim_f023.pdf>
Package pdftex.def Info: ppdata/ppfigdim_f023.pdf used on input line 354.
(pdftex.def)             Requested size: 86.25pt x 73.0197pt.

<ppdata/ppfigdim_f024.pdf, id=149, 578.16pt x 433.62pt>
File: ppdata/ppfigdim_f024.pdf Graphic file (type pdf)

<use ppdata/ppfigdim_f024.pdf>
Package pdftex.def Info: ppdata/ppfigdim_f024.pdf used on input line 355.
(pdftex.def)             Requested size: 86.25pt x 73.0197pt.


LaTeX Warning: Float too large for page by 34.75728pt on input line 374.


(C:\Users\Mateusz\Desktop\repozytoria\MSI-2\python\bbob_pproc\ppdata/pptable_05
D_noiselessall.tex)

LaTeX Warning: Float too large for page by 79.0991pt on input line 382.


(C:\Users\Mateusz\Desktop\repozytoria\MSI-2\python\bbob_pproc\ppdata/pptable_20
D_noiselessall.tex)

LaTeX Warning: Float too large for page by 79.0991pt on input line 390.


(C:\Users\Mateusz\Desktop\repozytoria\MSI-2\python\bbob_pproc\ppdata/pprldmany_
05D_separ.tex) <ppdata/pprldmany_05D_separ.pdf, id=151, 578.16pt x 433.62pt>
File: ppdata/pprldmany_05D_separ.pdf Graphic file (type pdf)

<use ppdata/pprldmany_05D_separ.pdf>
Package pdftex.def Info: ppdata/pprldmany_05D_separ.pdf used on input line 412.

(pdftex.def)             Requested size: 142.65678pt x 120.06116pt.

Overfull \hbox (3.1711pt too wide) in paragraph at lines 412--412
[][] 
 []


Overfull \hbox (3.94746pt too wide) in paragraph at lines 412--412
[][] 
 []


Overfull \hbox (0.503pt too wide) in paragraph at lines 412--412
[][] 
 []


(C:\Users\Mateusz\Desktop\repozytoria\MSI-2\python\bbob_pproc\ppdata/pprldmany_
05D_lcond.tex) <ppdata/pprldmany_05D_lcond.pdf, id=153, 578.16pt x 433.62pt>
File: ppdata/pprldmany_05D_lcond.pdf Graphic file (type pdf)

<use ppdata/pprldmany_05D_lcond.pdf>
Package pdftex.def Info: ppdata/pprldmany_05D_lcond.pdf used on input line 413.

(pdftex.def)             Requested size: 142.65678pt x 120.06116pt.

Overfull \hbox (3.1711pt too wide) in paragraph at lines 413--413
[][] 
 []


Overfull \hbox (3.94746pt too wide) in paragraph at lines 413--413
[][] 
 []


Overfull \hbox (0.503pt too wide) in paragraph at lines 413--413
[][] 
 []


(C:\Users\Mateusz\Desktop\repozytoria\MSI-2\python\bbob_pproc\ppdata/pprldmany_
05D_hcond.tex) <ppdata/pprldmany_05D_hcond.pdf, id=155, 578.16pt x 433.62pt>
File: ppdata/pprldmany_05D_hcond.pdf Graphic file (type pdf)

<use ppdata/pprldmany_05D_hcond.pdf>
Package pdftex.def Info: ppdata/pprldmany_05D_hcond.pdf used on input line 415.

(pdftex.def)             Requested size: 142.65678pt x 120.06116pt.

Overfull \hbox (3.1711pt too wide) in paragraph at lines 415--415
[][] 
 []


Overfull \hbox (3.94746pt too wide) in paragraph at lines 415--415
[][] 
 []


Overfull \hbox (0.503pt too wide) in paragraph at lines 415--415
[][] 
 []


(C:\Users\Mateusz\Desktop\repozytoria\MSI-2\python\bbob_pproc\ppdata/pprldmany_
05D_multi.tex) <ppdata/pprldmany_05D_multi.pdf, id=157, 578.16pt x 433.62pt>
File: ppdata/pprldmany_05D_multi.pdf Graphic file (type pdf)

<use ppdata/pprldmany_05D_multi.pdf>
Package pdftex.def Info: ppdata/pprldmany_05D_multi.pdf used on input line 416.

(pdftex.def)             Requested size: 142.65678pt x 120.06116pt.

Overfull \hbox (3.1711pt too wide) in paragraph at lines 416--416
[][] 
 []


Overfull \hbox (0.503pt too wide) in paragraph at lines 416--416
[][] 
 []


Overfull \hbox (3.94746pt too wide) in paragraph at lines 416--416
[][] 
 []


(C:\Users\Mateusz\Desktop\repozytoria\MSI-2\python\bbob_pproc\ppdata/pprldmany_
05D_mult2.tex) <ppdata/pprldmany_05D_mult2.pdf, id=159, 578.16pt x 433.62pt>
File: ppdata/pprldmany_05D_mult2.pdf Graphic file (type pdf)

<use ppdata/pprldmany_05D_mult2.pdf>
Package pdftex.def Info: ppdata/pprldmany_05D_mult2.pdf used on input line 418.

(pdftex.def)             Requested size: 142.65678pt x 120.06116pt.

Overfull \hbox (3.1711pt too wide) in paragraph at lines 418--418
[][] 
 []


Overfull \hbox (3.94746pt too wide) in paragraph at lines 418--418
[][] 
 []


Overfull \hbox (0.503pt too wide) in paragraph at lines 418--418
[][] 
 []


(C:\Users\Mateusz\Desktop\repozytoria\MSI-2\python\bbob_pproc\ppdata/pprldmany_
05D_noiselessall.tex)
<ppdata/pprldmany_05D_noiselessall.pdf, id=161, 578.16pt x 433.62pt>
File: ppdata/pprldmany_05D_noiselessall.pdf Graphic file (type pdf)

<use ppdata/pprldmany_05D_noiselessall.pdf>
Package pdftex.def Info: ppdata/pprldmany_05D_noiselessall.pdf used on input li
ne 419.
(pdftex.def)             Requested size: 142.65678pt x 120.06116pt.

Overfull \hbox (3.1711pt too wide) in paragraph at lines 419--419
[][] 
 []


Overfull \hbox (0.503pt too wide) in paragraph at lines 419--419
[][] 
 []


Overfull \hbox (3.94746pt too wide) in paragraph at lines 419--419
[][] 
 []


Overfull \hbox (13.54388pt too wide) in paragraph at lines 410--424
[][] 
 []


(C:\Users\Mateusz\Desktop\repozytoria\MSI-2\python\bbob_pproc\ppdata/pprldmany_
20D_separ.tex) <ppdata/pprldmany_20D_separ.pdf, id=163, 578.16pt x 433.62pt>
File: ppdata/pprldmany_20D_separ.pdf Graphic file (type pdf)

<use ppdata/pprldmany_20D_separ.pdf>
Package pdftex.def Info: ppdata/pprldmany_20D_separ.pdf used on input line 438.

(pdftex.def)             Requested size: 142.65678pt x 120.06116pt.

Overfull \hbox (3.1711pt too wide) in paragraph at lines 438--438
[][] 
 []


Overfull \hbox (3.94746pt too wide) in paragraph at lines 438--438
[][] 
 []


Overfull \hbox (0.503pt too wide) in paragraph at lines 438--438
[][] 
 []


(C:\Users\Mateusz\Desktop\repozytoria\MSI-2\python\bbob_pproc\ppdata/pprldmany_
20D_lcond.tex) <ppdata/pprldmany_20D_lcond.pdf, id=165, 578.16pt x 433.62pt>
File: ppdata/pprldmany_20D_lcond.pdf Graphic file (type pdf)

<use ppdata/pprldmany_20D_lcond.pdf>
Package pdftex.def Info: ppdata/pprldmany_20D_lcond.pdf used on input line 439.

(pdftex.def)             Requested size: 142.65678pt x 120.06116pt.

Overfull \hbox (3.1711pt too wide) in paragraph at lines 439--439
[][] 
 []


Overfull \hbox (3.94746pt too wide) in paragraph at lines 439--439
[][] 
 []


Overfull \hbox (0.503pt too wide) in paragraph at lines 439--439
[][] 
 []


(C:\Users\Mateusz\Desktop\repozytoria\MSI-2\python\bbob_pproc\ppdata/pprldmany_
20D_hcond.tex) <ppdata/pprldmany_20D_hcond.pdf, id=167, 578.16pt x 433.62pt>
File: ppdata/pprldmany_20D_hcond.pdf Graphic file (type pdf)

<use ppdata/pprldmany_20D_hcond.pdf>
Package pdftex.def Info: ppdata/pprldmany_20D_hcond.pdf used on input line 441.

(pdftex.def)             Requested size: 142.65678pt x 120.06116pt.

Overfull \hbox (3.1711pt too wide) in paragraph at lines 441--441
[][] 
 []


Overfull \hbox (0.503pt too wide) in paragraph at lines 441--441
[][] 
 []


Overfull \hbox (3.94746pt too wide) in paragraph at lines 441--441
[][] 
 []


(C:\Users\Mateusz\Desktop\repozytoria\MSI-2\python\bbob_pproc\ppdata/pprldmany_
20D_multi.tex) <ppdata/pprldmany_20D_multi.pdf, id=169, 578.16pt x 433.62pt>
File: ppdata/pprldmany_20D_multi.pdf Graphic file (type pdf)

<use ppdata/pprldmany_20D_multi.pdf>
Package pdftex.def Info: ppdata/pprldmany_20D_multi.pdf used on input line 442.

(pdftex.def)             Requested size: 142.65678pt x 120.06116pt.

Overfull \hbox (3.1711pt too wide) in paragraph at lines 442--442
[][] 
 []


Overfull \hbox (3.94746pt too wide) in paragraph at lines 442--442
[][] 
 []


Overfull \hbox (0.503pt too wide) in paragraph at lines 442--442
[][] 
 []


(C:\Users\Mateusz\Desktop\repozytoria\MSI-2\python\bbob_pproc\ppdata/pprldmany_
20D_mult2.tex) <ppdata/pprldmany_20D_mult2.pdf, id=171, 578.16pt x 433.62pt>
File: ppdata/pprldmany_20D_mult2.pdf Graphic file (type pdf)

<use ppdata/pprldmany_20D_mult2.pdf>
Package pdftex.def Info: ppdata/pprldmany_20D_mult2.pdf used on input line 444.

(pdftex.def)             Requested size: 142.65678pt x 120.06116pt.

Overfull \hbox (3.1711pt too wide) in paragraph at lines 444--444
[][] 
 []


Overfull \hbox (0.503pt too wide) in paragraph at lines 444--444
[][] 
 []


Overfull \hbox (3.94746pt too wide) in paragraph at lines 444--444
[][] 
 []


(C:\Users\Mateusz\Desktop\repozytoria\MSI-2\python\bbob_pproc\ppdata/pprldmany_
20D_noiselessall.tex)
<ppdata/pprldmany_20D_noiselessall.pdf, id=173, 578.16pt x 433.62pt>
File: ppdata/pprldmany_20D_noiselessall.pdf Graphic file (type pdf)

<use ppdata/pprldmany_20D_noiselessall.pdf>
Package pdftex.def Info: ppdata/pprldmany_20D_noiselessall.pdf used on input li
ne 445.
(pdftex.def)             Requested size: 142.65678pt x 120.06116pt.

Overfull \hbox (3.1711pt too wide) in paragraph at lines 445--445
[][] 
 []


Overfull \hbox (0.503pt too wide) in paragraph at lines 445--445
[][] 
 []


Overfull \hbox (3.94746pt too wide) in paragraph at lines 445--445
[][] 
 []


Overfull \hbox (13.54388pt too wide) in paragraph at lines 436--450
[][] 
 []

No file template1generic.bbl.
[5] [6 <C:/Users/Mateusz/Desktop/repozytoria/MSI-2/python/bbob_pproc/ppdata/ppr
ldistr_05D_noiselessall.pdf> <C:/Users/Mateusz/Desktop/repozytoria/MSI-2/python
/bbob_pproc/ppdata/ppfvdistr_05D_noiselessall.pdf> <C:/Users/Mateusz/Desktop/re
pozytoria/MSI-2/python/bbob_pproc/ppdata/pprldistr_20D_noiselessall.pdf> <C:/Us
ers/Mateusz/Desktop/repozytoria/MSI-2/python/bbob_pproc/ppdata/ppfvdistr_20D_no
iselessall.pdf>] [7 <C:/Users/Mateusz/Desktop/repozytoria/MSI-2/python/bbob_ppr
oc/ppdata/pprldistr_05D_separ.pdf> <C:/Users/Mateusz/Desktop/repozytoria/MSI-2/
python/bbob_pproc/ppdata/ppfvdistr_05D_separ.pdf> <C:/Users/Mateusz/Desktop/rep
ozytoria/MSI-2/python/bbob_pproc/ppdata/pprldistr_05D_lcond.pdf> <C:/Users/Mate
usz/Desktop/repozytoria/MSI-2/python/bbob_pproc/ppdata/ppfvdistr_05D_lcond.pdf>
 <C:/Users/Mateusz/Desktop/repozytoria/MSI-2/python/bbob_pproc/ppdata/pprldistr
_05D_hcond.pdf> <C:/Users/Mateusz/Desktop/repozytoria/MSI-2/python/bbob_pproc/p
pdata/ppfvdistr_05D_hcond.pdf> <C:/Users/Mateusz/Desktop/repozytoria/MSI-2/pyth
on/bbob_pproc/ppdata/pprldistr_05D_multi.pdf> <C:/Users/Mateusz/Desktop/repozyt
oria/MSI-2/python/bbob_pproc/ppdata/ppfvdistr_05D_multi.pdf> <C:/Users/Mateusz/
Desktop/repozytoria/MSI-2/python/bbob_pproc/ppdata/pprldistr_05D_mult2.pdf> <C:
/Users/Mateusz/Desktop/repozytoria/MSI-2/python/bbob_pproc/ppdata/ppfvdistr_05D
_mult2.pdf>] [8 <C:/Users/Mateusz/Desktop/repozytoria/MSI-2/python/bbob_pproc/p
pdata/pprldistr_20D_separ.pdf> <C:/Users/Mateusz/Desktop/repozytoria/MSI-2/pyth
on/bbob_pproc/ppdata/ppfvdistr_20D_separ.pdf> <C:/Users/Mateusz/Desktop/repozyt
oria/MSI-2/python/bbob_pproc/ppdata/pprldistr_20D_lcond.pdf> <C:/Users/Mateusz/
Desktop/repozytoria/MSI-2/python/bbob_pproc/ppdata/ppfvdistr_20D_lcond.pdf> <C:
/Users/Mateusz/Desktop/repozytoria/MSI-2/python/bbob_pproc/ppdata/pprldistr_20D
_hcond.pdf> <C:/Users/Mateusz/Desktop/repozytoria/MSI-2/python/bbob_pproc/ppdat
a/ppfvdistr_20D_hcond.pdf> <C:/Users/Mateusz/Desktop/repozytoria/MSI-2/python/b
bob_pproc/ppdata/pprldistr_20D_multi.pdf> <C:/Users/Mateusz/Desktop/repozytoria
/MSI-2/python/bbob_pproc/ppdata/ppfvdistr_20D_multi.pdf> <C:/Users/Mateusz/Desk
top/repozytoria/MSI-2/python/bbob_pproc/ppdata/pprldistr_20D_mult2.pdf> <C:/Use
rs/Mateusz/Desktop/repozytoria/MSI-2/python/bbob_pproc/ppdata/ppfvdistr_20D_mul
t2.pdf>] [9 <C:/Users/Mateusz/Desktop/repozytoria/MSI-2/python/bbob_pproc/ppdat
a/pplogloss_05D_noiselessall.pdf> <C:/Users/Mateusz/Desktop/repozytoria/MSI-2/p
ython/bbob_pproc/ppdata/pplogloss_20D_noiselessall.pdf>] [10 <C:/Users/Mateusz/
Desktop/repozytoria/MSI-2/python/bbob_pproc/ppdata/pplogloss_05D_separ.pdf> <C:
/Users/Mateusz/Desktop/repozytoria/MSI-2/python/bbob_pproc/ppdata/pplogloss_20D
_separ.pdf> <C:/Users/Mateusz/Desktop/repozytoria/MSI-2/python/bbob_pproc/ppdat
a/pplogloss_05D_lcond.pdf> <C:/Users/Mateusz/Desktop/repozytoria/MSI-2/python/b
bob_pproc/ppdata/pplogloss_20D_lcond.pdf> <C:/Users/Mateusz/Desktop/repozytoria
/MSI-2/python/bbob_pproc/ppdata/pplogloss_05D_hcond.pdf> <C:/Users/Mateusz/Desk
top/repozytoria/MSI-2/python/bbob_pproc/ppdata/pplogloss_20D_hcond.pdf> <C:/Use
rs/Mateusz/Desktop/repozytoria/MSI-2/python/bbob_pproc/ppdata/pplogloss_05D_mul
ti.pdf> <C:/Users/Mateusz/Desktop/repozytoria/MSI-2/python/bbob_pproc/ppdata/pp
logloss_20D_multi.pdf> <C:/Users/Mateusz/Desktop/repozytoria/MSI-2/python/bbob_
pproc/ppdata/pplogloss_05D_mult2.pdf> <C:/Users/Mateusz/Desktop/repozytoria/MSI
-2/python/bbob_pproc/ppdata/pplogloss_20D_mult2.pdf>] [11 <C:/Users/Mateusz/Des
ktop/repozytoria/MSI-2/python/bbob_pproc/ppdata/ppfigdim_f001.pdf> <C:/Users/Ma
teusz/Desktop/repozytoria/MSI-2/python/bbob_pproc/ppdata/ppfigdim_f002.pdf> <C:
/Users/Mateusz/Desktop/repozytoria/MSI-2/python/bbob_pproc/ppdata/ppfigdim_f003
.pdf> <C:/Users/Mateusz/Desktop/repozytoria/MSI-2/python/bbob_pproc/ppdata/ppfi
gdim_f004.pdf> <C:/Users/Mateusz/Desktop/repozytoria/MSI-2/python/bbob_pproc/pp
data/ppfigdim_f005.pdf> <C:/Users/Mateusz/Desktop/repozytoria/MSI-2/python/bbob
_pproc/ppdata/ppfigdim_f006.pdf> <C:/Users/Mateusz/Desktop/repozytoria/MSI-2/py
thon/bbob_pproc/ppdata/ppfigdim_f007.pdf> <C:/Users/Mateusz/Desktop/repozytoria
/MSI-2/python/bbob_pproc/ppdata/ppfigdim_f008.pdf> <C:/Users/Mateusz/Desktop/re
pozytoria/MSI-2/python/bbob_pproc/ppdata/ppfigdim_f009.pdf> <C:/Users/Mateusz/D
esktop/repozytoria/MSI-2/python/bbob_pproc/ppdata/ppfigdim_f010.pdf> <C:/Users/
Mateusz/Desktop/repozytoria/MSI-2/python/bbob_pproc/ppdata/ppfigdim_f011.pdf> <
C:/Users/Mateusz/Desktop/repozytoria/MSI-2/python/bbob_pproc/ppdata/ppfigdim_f0
12.pdf> <C:/Users/Mateusz/Desktop/repozytoria/MSI-2/python/bbob_pproc/ppdata/pp
figdim_f013.pdf> <C:/Users/Mateusz/Desktop/repozytoria/MSI-2/python/bbob_pproc/
ppdata/ppfigdim_f014.pdf> <C:/Users/Mateusz/Desktop/repozytoria/MSI-2/python/bb
ob_pproc/ppdata/ppfigdim_f015.pdf> <C:/Users/Mateusz/Desktop/repozytoria/MSI-2/
python/bbob_pproc/ppdata/ppfigdim_f016.pdf> <C:/Users/Mateusz/Desktop/repozytor
ia/MSI-2/python/bbob_pproc/ppdata/ppfigdim_f017.pdf> <C:/Users/Mateusz/Desktop/
repozytoria/MSI-2/python/bbob_pproc/ppdata/ppfigdim_f018.pdf> <C:/Users/Mateusz
/Desktop/repozytoria/MSI-2/python/bbob_pproc/ppdata/ppfigdim_f019.pdf> <C:/User
s/Mateusz/Desktop/repozytoria/MSI-2/python/bbob_pproc/ppdata/ppfigdim_f020.pdf>
 <C:/Users/Mateusz/Desktop/repozytoria/MSI-2/python/bbob_pproc/ppdata/ppfigdim_
f021.pdf> <C:/Users/Mateusz/Desktop/repozytoria/MSI-2/python/bbob_pproc/ppdata/
ppfigdim_f022.pdf> <C:/Users/Mateusz/Desktop/repozytoria/MSI-2/python/bbob_ppro
c/ppdata/ppfigdim_f023.pdf> <C:/Users/Mateusz/Desktop/repozytoria/MSI-2/python/
bbob_pproc/ppdata/ppfigdim_f024.pdf>] [12] [13] [14 <C:/Users/Mateusz/Desktop/r
epozytoria/MSI-2/python/bbob_pproc/ppdata/pprldmany_05D_separ.pdf> <C:/Users/Ma
teusz/Desktop/repozytoria/MSI-2/python/bbob_pproc/ppdata/pprldmany_05D_lcond.pd
f> <C:/Users/Mateusz/Desktop/repozytoria/MSI-2/python/bbob_pproc/ppdata/pprldma
ny_05D_hcond.pdf> <C:/Users/Mateusz/Desktop/repozytoria/MSI-2/python/bbob_pproc
/ppdata/pprldmany_05D_multi.pdf> <C:/Users/Mateusz/Desktop/repozytoria/MSI-2/py
thon/bbob_pproc/ppdata/pprldmany_05D_mult2.pdf> <C:/Users/Mateusz/Desktop/repoz
ytoria/MSI-2/python/bbob_pproc/ppdata/pprldmany_05D_noiselessall.pdf>] [15 <C:/
Users/Mateusz/Desktop/repozytoria/MSI-2/python/bbob_pproc/ppdata/pprldmany_20D_
separ.pdf> <C:/Users/Mateusz/Desktop/repozytoria/MSI-2/python/bbob_pproc/ppdata
/pprldmany_20D_lcond.pdf> <C:/Users/Mateusz/Desktop/repozytoria/MSI-2/python/bb
ob_pproc/ppdata/pprldmany_20D_hcond.pdf> <C:/Users/Mateusz/Desktop/repozytoria/
MSI-2/python/bbob_pproc/ppdata/pprldmany_20D_multi.pdf> <C:/Users/Mateusz/Deskt
op/repozytoria/MSI-2/python/bbob_pproc/ppdata/pprldmany_20D_mult2.pdf> <C:/User
s/Mateusz/Desktop/repozytoria/MSI-2/python/bbob_pproc/ppdata/pprldmany_20D_nois
elessall.pdf>]
(C:\Users\Mateusz\Desktop\repozytoria\MSI-2\python\bbob_pproc\template1generic.
aux) ) 
Here is how much of TeX's memory you used:
 6920 strings out of 493921
 103507 string characters out of 3147276
 231312 words of memory out of 3000000
 9974 multiletter control sequences out of 15000+200000
 28131 words of font info for 82 fonts, out of 3000000 for 9000
 841 hyphenation exceptions out of 8191
 36i,14n,38p,1321b,426s stack positions out of 5000i,500n,10000p,200000b,50000s
{C:/Program Files/MiKTeX 2.9/fonts/enc/dvips/mnsymbol/MnSymbolA.enc}{C:/P
rogram Files/MiKTeX 2.9/fonts/enc/dvips/pl/plit.enc}{C:/Program Files/MiKTeX 2.
9/fonts/enc/dvips/mnsymbol/MnSymbolC.enc}{C:/Program Files/MiKTeX 2.9/fonts/enc
/dvips/mnsymbol/MnSymbolE.enc}{C:/Program Files/MiKTeX 2.9/fonts/enc/dvips/pl/p
lrm.enc}{C:/Program Files/MiKTeX 2.9/fonts/enc/dvips/pl/plmi.enc}{C:/Program Fi
les/MiKTeX 2.9/fonts/enc/dvips/cm-super/cm-super-ts1.enc}{C:/Program Files/MiKT
eX 2.9/fonts/enc/dvips/mnsymbol/MnSymbolD.enc}{C:/Program Files/MiKTeX 2.9/font
s/enc/dvips/pl/plsc.enc}<C:/Program Files/MiKTeX 2.9/fonts/type1/public/mnsymbo
l/MnSymbol10.pfb><C:/Program Files/MiKTeX 2.9/fonts/type1/public/mnsymbol/MnSym
bol5.pfb><C:/Program Files/MiKTeX 2.9/fonts/type1/public/mnsymbol/MnSymbol7.pfb
><C:/Program Files/MiKTeX 2.9/fonts/type1/public/mnsymbol/MnSymbol8.pfb><C:/Pro
gram Files/MiKTeX 2.9/fonts/type1/public/amsfonts/cm/cmsy10.pfb><C:/Program Fil
es/MiKTeX 2.9/fonts/type1/public/pl/plbx10.pfb><C:/Program Files/MiKTeX 2.9/fon
ts/type1/public/pl/plbx12.pfb><C:/Program Files/MiKTeX 2.9/fonts/type1/public/p
l/plbx6.pfb><C:/Program Files/MiKTeX 2.9/fonts/type1/public/pl/plbx7.pfb><C:/Pr
ogram Files/MiKTeX 2.9/fonts/type1/public/pl/plbx8.pfb><C:/Program Files/MiKTeX
 2.9/fonts/type1/public/pl/plbxti10.pfb><C:/Program Files/MiKTeX 2.9/fonts/type
1/public/pl/plmi10.pfb><C:/Program Files/MiKTeX 2.9/fonts/type1/public/pl/plmi5
.pfb><C:/Program Files/MiKTeX 2.9/fonts/type1/public/pl/plmi7.pfb><C:/Program F
iles/MiKTeX 2.9/fonts/type1/public/pl/plmi8.pfb><C:/Program Files/MiKTeX 2.9/fo
nts/type1/public/pl/plr10.pfb><C:/Program Files/MiKTeX 2.9/fonts/type1/public/p
l/plr12.pfb><C:/Program Files/MiKTeX 2.9/fonts/type1/public/pl/plr17.pfb><C:/Pr
ogram Files/MiKTeX 2.9/fonts/type1/public/pl/plr5.pfb><C:/Program Files/MiKTeX 
2.9/fonts/type1/public/pl/plr7.pfb><C:/Program Files/MiKTeX 2.9/fonts/type1/pub
lic/pl/plr8.pfb><C:/Program Files/MiKTeX 2.9/fonts/type1/public/pl/plss10.pfb><
C:/Program Files/MiKTeX 2.9/fonts/type1/public/pl/plti10.pfb><C:/Program Files/
MiKTeX 2.9/fonts/type1/public/pl/plti8.pfb><C:/Program Files/MiKTeX 2.9/fonts/t
ype1/public/cm-super/sfrm1000.pfb>
Output written on template1generic.pdf (15 pages, 2431601 bytes).
PDF statistics:
 3056 PDF objects out of 3580 (max. 8388607)
 0 named destinations out of 1000 (max. 500000)
 793 words of extra memory for PDF output out of 10000 (max. 10000000)

